
*** Running vivado
    with args -log Encoder_onBoard.vds -m64 -product Vivado -mode batch -messageDb vivado.pb -notrace -source Encoder_onBoard.tcl



****** Vivado v2022.1 (64-bit)
  **** SW Build 3526262 on Mon Apr 18 15:48:16 MDT 2022
  **** IP Build 3524634 on Mon Apr 18 20:55:01 MDT 2022
    ** Copyright 1986-2022 Xilinx, Inc. All Rights Reserved.

source Encoder_onBoard.tcl -notrace
create_project: Time (s): cpu = 00:00:20 ; elapsed = 00:00:24 . Memory (MB): peak = 1272.398 ; gain = 0.000
Command: synth_design -top Encoder_onBoard -part xc7a100tcsg324-1
Starting synth_design
Attempting to get a license for feature 'Synthesis' and/or device 'xc7a100t'
INFO: [Common 17-349] Got license for feature 'Synthesis' and/or device 'xc7a100t'
INFO: [Device 21-403] Loading part xc7a100tcsg324-1
INFO: [Synth 8-7079] Multithreading enabled for synth_design using a maximum of 2 processes.
INFO: [Synth 8-7078] Launching helper process for spawning children vivado processes
INFO: [Synth 8-7075] Helper process launched with PID 6876
---------------------------------------------------------------------------------
Starting RTL Elaboration : Time (s): cpu = 00:00:21 ; elapsed = 00:00:22 . Memory (MB): peak = 1272.398 ; gain = 0.000
---------------------------------------------------------------------------------
WARNING: [Synth 8-2551] possible infinite loop; process does not have a wait statement [C:/Users/plett/OneDrive/Desktop/Projects_ASDI/Capitolo_1_Reti_Combinatorie_Elementari/2_1_Encoder_Display/2_1_Encoder.srcs/sources_1/new/cathodes_manager.vhd:89]
INFO: [Synth 8-638] synthesizing module 'Encoder_onBoard' [C:/Users/plett/OneDrive/Desktop/Projects_ASDI/Capitolo_1_Reti_Combinatorie_Elementari/2_1_Encoder_Display/2_1_Encoder.srcs/sources_1/new/enc_board.vhd:17]
INFO: [Synth 8-3491] module 'enc_bcd' declared at 'C:/Users/plett/OneDrive/Desktop/Projects_ASDI/Capitolo_1_Reti_Combinatorie_Elementari/2_1_Encoder_Display/2_1_Encoder.srcs/sources_1/new/enc_bcd.vhd:4' bound to instance 'enc' of component 'enc_bcd' [C:/Users/plett/OneDrive/Desktop/Projects_ASDI/Capitolo_1_Reti_Combinatorie_Elementari/2_1_Encoder_Display/2_1_Encoder.srcs/sources_1/new/enc_board.vhd:44]
INFO: [Synth 8-638] synthesizing module 'enc_bcd' [C:/Users/plett/OneDrive/Desktop/Projects_ASDI/Capitolo_1_Reti_Combinatorie_Elementari/2_1_Encoder_Display/2_1_Encoder.srcs/sources_1/new/enc_bcd.vhd:11]
INFO: [Synth 8-256] done synthesizing module 'enc_bcd' (0#1) [C:/Users/plett/OneDrive/Desktop/Projects_ASDI/Capitolo_1_Reti_Combinatorie_Elementari/2_1_Encoder_Display/2_1_Encoder.srcs/sources_1/new/enc_bcd.vhd:11]
INFO: [Synth 8-3491] module 'cathodes_manager' declared at 'C:/Users/plett/OneDrive/Desktop/Projects_ASDI/Capitolo_1_Reti_Combinatorie_Elementari/2_1_Encoder_Display/2_1_Encoder.srcs/sources_1/new/cathodes_manager.vhd:32' bound to instance 'cat' of component 'cathodes_manager' [C:/Users/plett/OneDrive/Desktop/Projects_ASDI/Capitolo_1_Reti_Combinatorie_Elementari/2_1_Encoder_Display/2_1_Encoder.srcs/sources_1/new/enc_board.vhd:49]
INFO: [Synth 8-638] synthesizing module 'cathodes_manager' [C:/Users/plett/OneDrive/Desktop/Projects_ASDI/Capitolo_1_Reti_Combinatorie_Elementari/2_1_Encoder_Display/2_1_Encoder.srcs/sources_1/new/cathodes_manager.vhd:38]
INFO: [Synth 8-226] default block is never used [C:/Users/plett/OneDrive/Desktop/Projects_ASDI/Capitolo_1_Reti_Combinatorie_Elementari/2_1_Encoder_Display/2_1_Encoder.srcs/sources_1/new/cathodes_manager.vhd:70]
INFO: [Synth 8-256] done synthesizing module 'cathodes_manager' (0#1) [C:/Users/plett/OneDrive/Desktop/Projects_ASDI/Capitolo_1_Reti_Combinatorie_Elementari/2_1_Encoder_Display/2_1_Encoder.srcs/sources_1/new/cathodes_manager.vhd:38]
INFO: [Synth 8-256] done synthesizing module 'Encoder_onBoard' (0#1) [C:/Users/plett/OneDrive/Desktop/Projects_ASDI/Capitolo_1_Reti_Combinatorie_Elementari/2_1_Encoder_Display/2_1_Encoder.srcs/sources_1/new/enc_board.vhd:17]
WARNING: [Synth 8-3917] design Encoder_onBoard has port anodi[7] driven by constant 0
WARNING: [Synth 8-3917] design Encoder_onBoard has port anodi[6] driven by constant 0
WARNING: [Synth 8-3917] design Encoder_onBoard has port anodi[5] driven by constant 0
WARNING: [Synth 8-3917] design Encoder_onBoard has port anodi[4] driven by constant 0
WARNING: [Synth 8-3917] design Encoder_onBoard has port anodi[3] driven by constant 0
WARNING: [Synth 8-3917] design Encoder_onBoard has port anodi[2] driven by constant 0
WARNING: [Synth 8-3917] design Encoder_onBoard has port anodi[1] driven by constant 0
WARNING: [Synth 8-3917] design Encoder_onBoard has port anodi[0] driven by constant 0
---------------------------------------------------------------------------------
Finished RTL Elaboration : Time (s): cpu = 00:00:27 ; elapsed = 00:00:29 . Memory (MB): peak = 1272.398 ; gain = 0.000
---------------------------------------------------------------------------------
---------------------------------------------------------------------------------
Start Handling Custom Attributes
---------------------------------------------------------------------------------
---------------------------------------------------------------------------------
Finished Handling Custom Attributes : Time (s): cpu = 00:00:27 ; elapsed = 00:00:29 . Memory (MB): peak = 1272.398 ; gain = 0.000
---------------------------------------------------------------------------------
---------------------------------------------------------------------------------
Finished RTL Optimization Phase 1 : Time (s): cpu = 00:00:27 ; elapsed = 00:00:29 . Memory (MB): peak = 1272.398 ; gain = 0.000
---------------------------------------------------------------------------------
Netlist sorting complete. Time (s): cpu = 00:00:00 ; elapsed = 00:00:00.001 . Memory (MB): peak = 1272.398 ; gain = 0.000
INFO: [Project 1-570] Preparing netlist for logic optimization

Processing XDC Constraints
Initializing timing engine
Parsing XDC File [C:/Users/plett/OneDrive/Desktop/Projects_ASDI/Capitolo_1_Reti_Combinatorie_Elementari/2_1_Encoder_Display/Nexys-A7-100T-Master.xdc]
Finished Parsing XDC File [C:/Users/plett/OneDrive/Desktop/Projects_ASDI/Capitolo_1_Reti_Combinatorie_Elementari/2_1_Encoder_Display/Nexys-A7-100T-Master.xdc]
INFO: [Project 1-236] Implementation specific constraints were found while reading constraint file [C:/Users/plett/OneDrive/Desktop/Projects_ASDI/Capitolo_1_Reti_Combinatorie_Elementari/2_1_Encoder_Display/Nexys-A7-100T-Master.xdc]. These constraints will be ignored for synthesis but will be used in implementation. Impacted constraints are listed in the file [.Xil/Encoder_onBoard_propImpl.xdc].
Resolution: To avoid this warning, move constraints listed in [.Xil/Encoder_onBoard_propImpl.xdc] to another XDC file and exclude this new file from synthesis with the used_in_synthesis property (File Properties dialog in GUI) and re-run elaboration/synthesis.
Completed Processing XDC Constraints

Netlist sorting complete. Time (s): cpu = 00:00:00 ; elapsed = 00:00:00 . Memory (MB): peak = 1272.398 ; gain = 0.000
INFO: [Project 1-111] Unisim Transformation Summary:
No Unisim elements were transformed.

Constraint Validation Runtime : Time (s): cpu = 00:00:00 ; elapsed = 00:00:00.008 . Memory (MB): peak = 1272.398 ; gain = 0.000
---------------------------------------------------------------------------------
Finished Constraint Validation : Time (s): cpu = 00:01:00 ; elapsed = 00:01:09 . Memory (MB): peak = 1272.398 ; gain = 0.000
---------------------------------------------------------------------------------
---------------------------------------------------------------------------------
Start Loading Part and Timing Information
---------------------------------------------------------------------------------
Loading part: xc7a100tcsg324-1
---------------------------------------------------------------------------------
Finished Loading Part and Timing Information : Time (s): cpu = 00:01:00 ; elapsed = 00:01:09 . Memory (MB): peak = 1272.398 ; gain = 0.000
---------------------------------------------------------------------------------
---------------------------------------------------------------------------------
Start Applying 'set_property' XDC Constraints
---------------------------------------------------------------------------------
---------------------------------------------------------------------------------
Finished applying 'set_property' XDC Constraints : Time (s): cpu = 00:01:00 ; elapsed = 00:01:09 . Memory (MB): peak = 1272.398 ; gain = 0.000
---------------------------------------------------------------------------------
---------------------------------------------------------------------------------
Finished RTL Optimization Phase 2 : Time (s): cpu = 00:01:00 ; elapsed = 00:01:10 . Memory (MB): peak = 1272.398 ; gain = 0.000
---------------------------------------------------------------------------------
---------------------------------------------------------------------------------
Start RTL Component Statistics 
---------------------------------------------------------------------------------
Detailed RTL Component Info : 
+---Muxes : 
	  11 Input    4 Bit        Muxes := 1     
---------------------------------------------------------------------------------
Finished RTL Component Statistics 
---------------------------------------------------------------------------------
---------------------------------------------------------------------------------
Start Part Resource Summary
---------------------------------------------------------------------------------
Part Resources:
DSPs: 240 (col length:80)
BRAMs: 270 (col length: RAMB18 80 RAMB36 40)
---------------------------------------------------------------------------------
Finished Part Resource Summary
---------------------------------------------------------------------------------
---------------------------------------------------------------------------------
Start Cross Boundary and Area Optimization
---------------------------------------------------------------------------------
WARNING: [Synth 8-7080] Parallel synthesis criteria is not met
WARNING: [Synth 8-3917] design Encoder_onBoard has port anodi[7] driven by constant 0
WARNING: [Synth 8-3917] design Encoder_onBoard has port anodi[6] driven by constant 0
WARNING: [Synth 8-3917] design Encoder_onBoard has port anodi[5] driven by constant 0
WARNING: [Synth 8-3917] design Encoder_onBoard has port anodi[4] driven by constant 0
WARNING: [Synth 8-3917] design Encoder_onBoard has port anodi[3] driven by constant 0
WARNING: [Synth 8-3917] design Encoder_onBoard has port anodi[2] driven by constant 0
WARNING: [Synth 8-3917] design Encoder_onBoard has port anodi[1] driven by constant 0
WARNING: [Synth 8-3917] design Encoder_onBoard has port anodi[0] driven by constant 0
---------------------------------------------------------------------------------
Finished Cross Boundary and Area Optimization : Time (s): cpu = 00:01:09 ; elapsed = 00:01:18 . Memory (MB): peak = 1272.398 ; gain = 0.000
---------------------------------------------------------------------------------
---------------------------------------------------------------------------------
Start Applying XDC Timing Constraints
---------------------------------------------------------------------------------
---------------------------------------------------------------------------------
Finished Applying XDC Timing Constraints : Time (s): cpu = 00:01:29 ; elapsed = 00:01:40 . Memory (MB): peak = 1276.207 ; gain = 3.809
---------------------------------------------------------------------------------
---------------------------------------------------------------------------------
Start Timing Optimization
---------------------------------------------------------------------------------
---------------------------------------------------------------------------------
Finished Timing Optimization : Time (s): cpu = 00:01:29 ; elapsed = 00:01:40 . Memory (MB): peak = 1276.207 ; gain = 3.809
---------------------------------------------------------------------------------
---------------------------------------------------------------------------------
Start Technology Mapping
---------------------------------------------------------------------------------
---------------------------------------------------------------------------------
Finished Technology Mapping : Time (s): cpu = 00:01:29 ; elapsed = 00:01:40 . Memory (MB): peak = 1295.297 ; gain = 22.898
---------------------------------------------------------------------------------
---------------------------------------------------------------------------------
Start IO Insertion
---------------------------------------------------------------------------------
---------------------------------------------------------------------------------
Start Flattening Before IO Insertion
---------------------------------------------------------------------------------
---------------------------------------------------------------------------------
Finished Flattening Before IO Insertion
---------------------------------------------------------------------------------
---------------------------------------------------------------------------------
Start Final Netlist Cleanup
---------------------------------------------------------------------------------
---------------------------------------------------------------------------------
Finished Final Netlist Cleanup
---------------------------------------------------------------------------------
---------------------------------------------------------------------------------
Finished IO Insertion : Time (s): cpu = 00:01:58 ; elapsed = 00:02:09 . Memory (MB): peak = 1302.094 ; gain = 29.695
---------------------------------------------------------------------------------
---------------------------------------------------------------------------------
Start Renaming Generated Instances
---------------------------------------------------------------------------------
---------------------------------------------------------------------------------
Finished Renaming Generated Instances : Time (s): cpu = 00:01:58 ; elapsed = 00:02:09 . Memory (MB): peak = 1302.094 ; gain = 29.695
---------------------------------------------------------------------------------
---------------------------------------------------------------------------------
Start Rebuilding User Hierarchy
---------------------------------------------------------------------------------
---------------------------------------------------------------------------------
Finished Rebuilding User Hierarchy : Time (s): cpu = 00:01:58 ; elapsed = 00:02:09 . Memory (MB): peak = 1302.094 ; gain = 29.695
---------------------------------------------------------------------------------
---------------------------------------------------------------------------------
Start Renaming Generated Ports
---------------------------------------------------------------------------------
---------------------------------------------------------------------------------
Finished Renaming Generated Ports : Time (s): cpu = 00:01:58 ; elapsed = 00:02:09 . Memory (MB): peak = 1302.094 ; gain = 29.695
---------------------------------------------------------------------------------
---------------------------------------------------------------------------------
Start Handling Custom Attributes
---------------------------------------------------------------------------------
---------------------------------------------------------------------------------
Finished Handling Custom Attributes : Time (s): cpu = 00:01:58 ; elapsed = 00:02:09 . Memory (MB): peak = 1302.094 ; gain = 29.695
---------------------------------------------------------------------------------
---------------------------------------------------------------------------------
Start Renaming Generated Nets
---------------------------------------------------------------------------------
---------------------------------------------------------------------------------
Finished Renaming Generated Nets : Time (s): cpu = 00:01:58 ; elapsed = 00:02:09 . Memory (MB): peak = 1302.094 ; gain = 29.695
---------------------------------------------------------------------------------
---------------------------------------------------------------------------------
Start Writing Synthesis Report
---------------------------------------------------------------------------------

Report BlackBoxes: 
+-+--------------+----------+
| |BlackBox name |Instances |
+-+--------------+----------+
+-+--------------+----------+

Report Cell Usage: 
+------+-----+------+
|      |Cell |Count |
+------+-----+------+
|1     |LUT5 |     1|
|2     |LUT6 |    22|
|3     |IBUF |    10|
|4     |OBUF |    20|
+------+-----+------+
---------------------------------------------------------------------------------
Finished Writing Synthesis Report : Time (s): cpu = 00:01:58 ; elapsed = 00:02:09 . Memory (MB): peak = 1302.094 ; gain = 29.695
---------------------------------------------------------------------------------
Synthesis finished with 0 errors, 0 critical warnings and 9 warnings.
Synthesis Optimization Runtime : Time (s): cpu = 00:01:23 ; elapsed = 00:02:01 . Memory (MB): peak = 1302.094 ; gain = 29.695
Synthesis Optimization Complete : Time (s): cpu = 00:01:58 ; elapsed = 00:02:10 . Memory (MB): peak = 1302.094 ; gain = 29.695
INFO: [Project 1-571] Translating synthesized netlist
Netlist sorting complete. Time (s): cpu = 00:00:00 ; elapsed = 00:00:00.002 . Memory (MB): peak = 1314.148 ; gain = 0.000
INFO: [Project 1-570] Preparing netlist for logic optimization
INFO: [Opt 31-138] Pushed 0 inverter(s) to 0 load pin(s).
Netlist sorting complete. Time (s): cpu = 00:00:00 ; elapsed = 00:00:00 . Memory (MB): peak = 1322.758 ; gain = 0.000
INFO: [Project 1-111] Unisim Transformation Summary:
No Unisim elements were transformed.

Synth Design complete, checksum: 5e71e719
INFO: [Common 17-83] Releasing license: Synthesis
22 Infos, 18 Warnings, 0 Critical Warnings and 0 Errors encountered.
synth_design completed successfully
synth_design: Time (s): cpu = 00:02:13 ; elapsed = 00:02:28 . Memory (MB): peak = 1322.758 ; gain = 50.359
INFO: [Common 17-1381] The checkpoint 'C:/Users/plett/OneDrive/Desktop/Projects_ASDI/Capitolo_1_Reti_Combinatorie_Elementari/2_1_Encoder_Display/2_1_Encoder.runs/synth_1/Encoder_onBoard.dcp' has been generated.
INFO: [runtcl-4] Executing : report_utilization -file Encoder_onBoard_utilization_synth.rpt -pb Encoder_onBoard_utilization_synth.pb
INFO: [Common 17-206] Exiting Vivado at Sat Feb  4 21:18:04 2023...
