INFO: [VRFC 10-163] Analyzing VHDL file "C:/Users/nokia/Desktop/Projects_ASDI/Capitolo_3_Comunicazione_con_Handshaking/7_1_handshaking/7_1_handshaking.srcs/sources_1/new/ROM_in.vhd" into library xil_defaultlib
INFO: [VRFC 10-3107] analyzing entity 'ROM_in'
INFO: [VRFC 10-163] Analyzing VHDL file "C:/Users/nokia/Desktop/Projects_ASDI/Capitolo_3_Comunicazione_con_Handshaking/7_1_handshaking/7_1_handshaking.srcs/sources_1/new/System.vhd" into library xil_defaultlib
INFO: [VRFC 10-3107] analyzing entity 'System'
INFO: [VRFC 10-163] Analyzing VHDL file "C:/Users/nokia/Desktop/Projects_ASDI/Capitolo_3_Comunicazione_con_Handshaking/7_1_handshaking/7_1_handshaking.srcs/sources_1/new/Unita_Controllo_A.vhd" into library xil_defaultlib
INFO: [VRFC 10-3107] analyzing entity 'Unita_Controllo_A'
INFO: [VRFC 10-163] Analyzing VHDL file "C:/Users/nokia/Desktop/Projects_ASDI/Capitolo_3_Comunicazione_con_Handshaking/7_1_handshaking/7_1_handshaking.srcs/sources_1/new/Unita_Controllo_B.vhd" into library xil_defaultlib
INFO: [VRFC 10-3107] analyzing entity 'Unita_Controllo_B'
INFO: [VRFC 10-163] Analyzing VHDL file "C:/Users/nokia/Desktop/Projects_ASDI/Capitolo_3_Comunicazione_con_Handshaking/7_1_handshaking/7_1_handshaking.srcs/sources_1/new/Unita_Operativa_A.vhd" into library xil_defaultlib
INFO: [VRFC 10-3107] analyzing entity 'Unita_Operativa_A'
INFO: [VRFC 10-163] Analyzing VHDL file "C:/Users/nokia/Desktop/Projects_ASDI/Capitolo_3_Comunicazione_con_Handshaking/7_1_handshaking/7_1_handshaking.srcs/sources_1/new/Unita_Operativa_B.vhd" into library xil_defaultlib
INFO: [VRFC 10-3107] analyzing entity 'Unita_Operativa_B'
INFO: [VRFC 10-163] Analyzing VHDL file "C:/Users/nokia/Desktop/Projects_ASDI/Capitolo_3_Comunicazione_con_Handshaking/7_1_handshaking/7_1_handshaking.srcs/sources_1/new/adder.vhd" into library xil_defaultlib
INFO: [VRFC 10-3107] analyzing entity 'adder'
INFO: [VRFC 10-163] Analyzing VHDL file "C:/Users/nokia/Desktop/Projects_ASDI/Capitolo_3_Comunicazione_con_Handshaking/7_1_handshaking/7_1_handshaking.srcs/sources_1/new/contatore.vhd" into library xil_defaultlib
INFO: [VRFC 10-3107] analyzing entity 'contatore'
INFO: [VRFC 10-163] Analyzing VHDL file "C:/Users/nokia/Desktop/Projects_ASDI/Capitolo_3_Comunicazione_con_Handshaking/7_1_handshaking/7_1_handshaking.srcs/sources_1/new/memory.vhd" into library xil_defaultlib
INFO: [VRFC 10-3107] analyzing entity 'memory'
INFO: [VRFC 10-163] Analyzing VHDL file "C:/Users/nokia/Desktop/Projects_ASDI/Capitolo_3_Comunicazione_con_Handshaking/7_1_handshaking/7_1_handshaking.srcs/sim_1/new/test_bench.vhd" into library xil_defaultlib
INFO: [VRFC 10-3107] analyzing entity 'System_tb'
