#
# A fatal error has been detected by the Java Runtime Environment:
#
#  EXCEPTION_ACCESS_VIOLATION (0xc0000005) at pc=0x00007ff87bf5c1f5, pid=4340, tid=6176
#
# JRE version: OpenJDK Runtime Environment 18.9 (11.0.11+9) (build 11.0.11+9)
# Java VM: OpenJDK 64-Bit Server VM 18.9 (11.0.11+9, mixed mode, tiered, compressed oops, g1 gc, windows-amd64)
# Problematic frame:
# C  [librdi_filemgmt.dll+0x29c1f5]
#
# No core dump will be written. Minidumps are not enabled by default on client versions of Windows
#
# If you would like to submit a bug report, please visit:
#   https://bugreport.java.com/bugreport/crash.jsp
# The crash happened outside the Java Virtual Machine in native code.
# See problematic frame for where to report the bug.
#

---------------  S U M M A R Y ------------

Command Line: -Dsun.java2d.pmoffscreen=false -Dhttps.protocols=TLSv1,TLSv1.1,TLSv1.2 -Dsun.java2d.xrender=false -Dsun.java2d.d3d=false -Dsun.awt.nopixfmt=true -Dsun.java2d.dpiaware=true -Dsun.java2d.uiScale.enabled=false -Xverify:none -Dswing.aatext=true -XX:-UsePerfData -Djdk.map.althashing.threshold=512 -XX:StringTableSize=4072 --add-opens=java.desktop/com.sun.awt=ALL-UNNAMED --add-opens=java.desktop/javax.swing.plaf.synth=ALL-UNNAMED --add-opens=java.base/java.nio=ALL-UNNAMED --add-opens=java.desktop/sun.swing=ALL-UNNAMED --add-opens=java.desktop/javax.swing=ALL-UNNAMED --add-opens=java.desktop/javax.swing.tree=ALL-UNNAMED --add-opens=java.desktop/javax.swing.plaf.basic=ALL-UNNAMED --add-opens=java.desktop/javax.swing.plaf.synth=ALL-UNNAMED --add-opens=java.desktop/javax.swing.plaf.basic=ALL-UNNAMED --add-opens=java.desktop/javax.swing=ALL-UNNAMED --add-opens=java.desktop/javax.swing.tree=ALL-UNNAMED --add-opens=java.desktop/java.awt.event=ALL-UNNAMED --add-exports=java.desktop/javax.swing.plaf.synth=ALL-UNNAMED --add-exports=java.base/java.nio=ALL-UNNAMED --add-exports=java.desktop/sun.swing=ALL-UNNAMED --add-exports=java.desktop/javax.swing=ALL-UNNAMED --add-exports=java.desktop/javax.swing.tree=ALL-UNNAMED --add-exports=java.desktop/javax.swing.plaf.basic=ALL-UNNAMED --add-exports=java.desktop/sun.swing=ALL-UNNAMED --add-exports=java.desktop/sun.swing.table=ALL-UNNAMED --add-exports=java.desktop/sun.swing.plaf.synth=ALL-UNNAMED --add-exports=java.desktop/sun.awt.shell=ALL-UNNAMED --add-exports=java.base/sun.security.action=ALL-UNNAMED --add-exports=java.desktop/sun.font=ALL-UNNAMED -XX:NewSize=60m -XX:MaxNewSize=60m -Xms256m -Xmx3072m -Xss5m 

Host: AMD Ryzen 5 4500U with Radeon Graphics         , 6 cores, 7G,  Windows 10 , 64 bit Build 22621 (10.0.22621.1194)
Time: Wed Mar  1 13:29:20 2023 W. Europe Standard Time elapsed time: 11302.866047 seconds (0d 3h 8m 22s)

---------------  T H R E A D  ---------------

Current thread (0x0000019672d3d800):  JavaThread "AWT-EventQueue-0" [_thread_in_native, id=6176, stack(0x0000008301400000,0x0000008301900000)]

Stack: [0x0000008301400000,0x0000008301900000],  sp=0x00000083018fcc90,  free space=5107k
Native frames: (J=compiled Java code, j=interpreted, Vv=VM code, C=native code)
C  [librdi_filemgmt.dll+0x29c1f5]
C  [librdi_filemgmt.dll+0x29aa45]
C  [librdi_filemgmt.dll+0x2b75bf]
C  0x000001965665f377

Java frames: (J=compiled Java code, j=interpreted, Vv=VM code)
j  ui.data.srcscan.srcscani.EditorAssist_createFoldInfoIter(JLjava/lang/String;)J+0
j  ui.k.a.a.abh(Ljava/lang/String;)J+5
j  ui.k.a.c.a(Ljava/net/URI;)V+26
j  ui.k.a.a.abe(Ljava/lang/String;)V+8
j  ui.views.V.a.a.azc(Ljava/lang/String;)V+27
j  ui.views.V.a.a.kzl()V+43
j  ui.views.V.a.h.aYE()V+20
J 20099 c2 ui.frmwork.x.run()V (15 bytes) @ 0x000001965e45894c [0x000001965e457de0+0x0000000000000b6c]
J 12623 c2 java.awt.EventQueue$4.run()Ljava/lang/Object; java.desktop@11.0.11 (5 bytes) @ 0x000001965e985494 [0x000001965e9853a0+0x00000000000000f4]
v  ~StubRoutines::call_stub
J 3511  java.security.AccessController.doPrivileged(Ljava/security/PrivilegedAction;Ljava/security/AccessControlContext;)Ljava/lang/Object; java.base@11.0.11 (0 bytes) @ 0x000001965e2a4fb6 [0x000001965e2a4f40+0x0000000000000076]
J 12605 c2 java.awt.EventQueue.dispatchEvent(Ljava/awt/AWTEvent;)V java.desktop@11.0.11 (80 bytes) @ 0x000001965e979a7c [0x000001965e979740+0x000000000000033c]
J 20507 c2 ui.frmwork.a.d.dispatchEvent(Ljava/awt/AWTEvent;)V (42 bytes) @ 0x000001965eb92b68 [0x000001965eb929a0+0x00000000000001c8]
J 19069 c2 java.awt.EventDispatchThread.pumpOneEventForFilters(I)V java.desktop@11.0.11 (113 bytes) @ 0x000001965f0b2474 [0x000001965f0b20e0+0x0000000000000394]
J 20064% c2 java.awt.EventDispatchThread.pumpEventsForFilter(ILjava/awt/Conditional;Ljava/awt/EventFilter;)V java.desktop@11.0.11 (47 bytes) @ 0x000001965f2e56fc [0x000001965f2e55e0+0x000000000000011c]
j  java.awt.EventDispatchThread.pumpEventsForHierarchy(ILjava/awt/Conditional;Ljava/awt/Component;)V+11 java.desktop@11.0.11
j  java.awt.EventDispatchThread.pumpEvents(ILjava/awt/Conditional;)V+4 java.desktop@11.0.11
j  java.awt.EventDispatchThread.pumpEvents(Ljava/awt/Conditional;)V+3 java.desktop@11.0.11
j  java.awt.EventDispatchThread.run()V+9 java.desktop@11.0.11
v  ~StubRoutines::call_stub

siginfo: EXCEPTION_ACCESS_VIOLATION (0xc0000005), reading address 0xffffffffffffffff


Register to memory mapping:

RIP=0x00007ff87bf5c1f5 librdi_filemgmt.dll
RAX=0x0000000000000001 is an unknown value
RBX=0x0000019641bd4518 points into unknown readable memory: 0x5f737463656a6f72 | 72 6f 6a 65 63 74 73 5f
RCX=0x00000196042e0000 points into unknown readable memory: 0x0000000000000000 | 00 00 00 00 00 00 00 00
RDX=0x5f737463656a6f72 is an unknown value
RSP=0x00000083018fcc90 is pointing into the stack for thread: 0x0000019672d3d800
RBP=0x00000083018fcde0 is pointing into the stack for thread: 0x0000019672d3d800
RSI=0x0 is NULL
RDI=0x000001960c38c050 points into unknown readable memory: 0x00007ff87c119628 | 28 96 11 7c f8 7f 00 00
R8 =0x0 is NULL
R9 =0x0000000000000001 is an unknown value
R10=0x0000000000000003 is an unknown value
R11=0x00000083018fcbf0 is pointing into the stack for thread: 0x0000019672d3d800
R12=0x00000083018fcf78 is pointing into the stack for thread: 0x0000019672d3d800
R13=0x0000019612209e90 points into unknown readable memory: 0x000001967174d830 | 30 d8 74 71 96 01 00 00
R14=0x0 is NULL
R15=0x000001967f17d460 points into unknown readable memory: 0x0055005c003a0043 | 43 00 3a 00 5c 00 55 00


Registers:
RAX=0x0000000000000001, RBX=0x0000019641bd4518, RCX=0x00000196042e0000, RDX=0x5f737463656a6f72
RSP=0x00000083018fcc90, RBP=0x00000083018fcde0, RSI=0x0000000000000000, RDI=0x000001960c38c050
R8 =0x0000000000000000, R9 =0x0000000000000001, R10=0x0000000000000003, R11=0x00000083018fcbf0
R12=0x00000083018fcf78, R13=0x0000019612209e90, R14=0x0000000000000000, R15=0x000001967f17d460
RIP=0x00007ff87bf5c1f5, EFLAGS=0x0000000000010256

Top of Stack: (sp=0x00000083018fcc90)
0x00000083018fcc90:   0000000000000000 0000019600000000
0x00000083018fcca0:   0000019641bd4510 00000083018fcde0
0x00000083018fccb0:   fffffffffffffffe 00000196314c9700
0x00000083018fccc0:   72756f735c736372 0000000000000000
0x00000083018fccd0:   000000000000000f 00000196314cbb00
0x00000083018fcce0:   0000019612209e90 0000000000000000
0x00000083018fccf0:   000000000000000f 00009e6178663efb
0x00000083018fcd00:   000000000000008c 0000019612209e90
0x00000083018fcd10:   00000083018fcde0 00007ff87bf5aa45
0x00000083018fcd20:   0000000000000000 00007ff87bd7d434
0x00000083018fcd30:   000000000000008c 000001960c38c050
0x00000083018fcd40:   0000019672d3d800 0000019672d3d800
0x00000083018fcd50:   00003fd16e1c7316 00003fd16e1c7216
0x00000083018fcd60:   000001967f17d460 0000019612209e90
0x00000083018fcd70:   00000083018fcf78 0000000000000001
0x00000083018fcd80:   0000019672d3db48 00000083018fcf58 

Instructions: (pc=0x00007ff87bf5c1f5)
0x00007ff87bf5c0f5:   c2 48 8b 4c 24 30 48 8b c1 48 81 fa 00 10 00 00
0x00007ff87bf5c105:   72 1c 48 83 c2 27 48 8b 49 f8 48 2b c1 48 83 c0
0x00007ff87bf5c115:   f8 48 83 f8 1f 76 07 ff 15 76 16 18 00 cc e8 b0
0x00007ff87bf5c125:   95 08 00 66 0f 6f 05 50 48 18 00 f3 0f 7f 44 24
0x00007ff87bf5c135:   40 c6 44 24 30 00 48 8b cb e8 9d 93 08 00 85 c0
0x00007ff87bf5c145:   74 08 8b c8 e8 98 93 08 00 90 48 8b c6 48 8b 4c
0x00007ff87bf5c155:   24 50 48 33 cc e8 91 96 08 00 48 8b 9c 24 98 00
0x00007ff87bf5c165:   00 00 48 83 c4 60 5f 5e 5d c3 cc b8 02 00 00 00
0x00007ff87bf5c175:   c3 cc cc cc cc cc cc cc cc cc cc 48 8b c4 56 57
0x00007ff87bf5c185:   41 56 48 83 ec 70 48 c7 40 98 fe ff ff ff 48 89
0x00007ff87bf5c195:   58 18 48 89 68 20 48 8b 05 be 09 38 00 48 33 c4
0x00007ff87bf5c1a5:   48 89 44 24 68 48 8b ea 48 8b f9 48 8b 01 ff 50
0x00007ff87bf5c1b5:   08 8b f0 85 c0 0f 85 1b 01 00 00 48 8b 5f 08 48
0x00007ff87bf5c1c5:   83 c3 08 48 3b 5f 10 0f 84 09 01 00 00 45 33 f6
0x00007ff87bf5c1d5:   48 8b 13 4c 89 74 24 38 48 c7 44 24 40 0f 00 00
0x00007ff87bf5c1e5:   00 c6 44 24 28 00 49 c7 c0 ff ff ff ff 49 ff c0
0x00007ff87bf5c1f5:   42 80 3c 02 00 75 f6 48 8d 4c 24 28 e8 7a c0 d7
0x00007ff87bf5c205:   ff 90 48 8d 54 24 28 48 8d 4c 24 48 ff 15 b1 20
0x00007ff87bf5c215:   18 00 90 48 8b d5 48 8d 4c 24 48 ff 15 ca 1e 18
0x00007ff87bf5c225:   00 84 c0 75 55 48 8d 4c 24 48 ff 15 9b 20 18 00
0x00007ff87bf5c235:   90 48 8b 54 24 40 48 83 fa 10 72 2e 48 ff c2 48
0x00007ff87bf5c245:   8b 4c 24 28 48 8b c1 48 81 fa 00 10 00 00 72 15
0x00007ff87bf5c255:   48 83 c2 27 48 8b 49 f8 48 2b c1 48 83 c0 f8 48
0x00007ff87bf5c265:   83 f8 1f 77 65 e8 69 94 08 00 48 83 c3 08 48 3b
0x00007ff87bf5c275:   5f 10 0f 85 58 ff ff ff eb 5c 48 8b 07 48 8d 54
0x00007ff87bf5c285:   24 28 48 8b cf ff 50 08 8b f0 48 8d 4c 24 48 ff
0x00007ff87bf5c295:   15 36 20 18 00 90 48 8b 54 24 40 48 83 fa 10 72
0x00007ff87bf5c2a5:   35 48 ff c2 48 8b 4c 24 28 48 8b c1 48 81 fa 00
0x00007ff87bf5c2b5:   10 00 00 72 1c 48 83 c2 27 48 8b 49 f8 48 2b c1
0x00007ff87bf5c2c5:   48 83 c0 f8 48 83 f8 1f 76 07 ff 15 c3 14 18 00
0x00007ff87bf5c2d5:   cc e8 fd 93 08 00 8b c6 48 8b 4c 24 68 48 33 cc
0x00007ff87bf5c2e5:   e8 06 95 08 00 4c 8d 5c 24 70 49 8b 5b 30 49 8b 


Stack slot to memory mapping:
stack at sp + 0 slots: 0x0 is NULL
stack at sp + 1 slots: 0x0000019600000000 points into unknown readable memory: 0x0000000000000000 | 00 00 00 00 00 00 00 00
stack at sp + 2 slots: 0x0000019641bd4510 points into unknown readable memory: 0x502f706f746b7365 | 65 73 6b 74 6f 70 2f 50
stack at sp + 3 slots: 0x00000083018fcde0 is pointing into the stack for thread: 0x0000019672d3d800
stack at sp + 4 slots: 0xfffffffffffffffe is an unknown value
stack at sp + 5 slots: 0x00000196314c9700 points into unknown readable memory: 0x5f6174696e552f77 | 77 2f 55 6e 69 74 61 5f
stack at sp + 6 slots: 0x72756f735c736372 is an unknown value
stack at sp + 7 slots: 0x0 is NULL


---------------  P R O C E S S  ---------------

Threads class SMR info:
_java_thread_list=0x00000196481fc550, length=49, elements={
0x000001962c167000, 0x000001962da59800, 0x000001962da5f000, 0x000001962da58800,
0x000001962da67000, 0x000001962da68800, 0x000001962da6a000, 0x000001962da6e800,
0x000001962da72800, 0x000001966faa8800, 0x000001967004f000, 0x0000019670025000,
0x0000019670603800, 0x0000019670024000, 0x0000019672d3d800, 0x000001967168d000,
0x00000196733b3000, 0x00000196733b4000, 0x00000196733b4800, 0x00000196733b1800,
0x00000196733b2800, 0x0000019611b6f800, 0x0000019611b6b800, 0x0000019611b6e800,
0x0000019611b72000, 0x0000019611b72800, 0x0000019611b73800, 0x0000019611b6d800,
0x0000019611b77800, 0x0000019611b75000, 0x0000019611b71000, 0x0000019611b76000,
0x0000019611b70000, 0x0000019611b7a000, 0x0000019611b6c000, 0x0000019611b78800,
0x00000196021ee800, 0x00000196021ed800, 0x00000196021ef000, 0x00000196021ec000,
0x00000196021ed000, 0x00000196021e8800, 0x00000196021eb000, 0x00000196021e9800,
0x00000196021f0000, 0x00000196021ea800, 0x00000196021f5000, 0x00000196021f6800,
0x00000196021f6000
}

Java Threads: ( => current thread )
  0x000001962c167000 JavaThread "main" [_thread_blocked, id=13668, stack(0x000000837e100000,0x000000837e200000)]
  0x000001962da59800 JavaThread "Reference Handler" daemon [_thread_blocked, id=12004, stack(0x000000837e800000,0x000000837ed00000)]
  0x000001962da5f000 JavaThread "Finalizer" daemon [_thread_blocked, id=8536, stack(0x000000837ed00000,0x000000837f200000)]
  0x000001962da58800 JavaThread "Signal Dispatcher" daemon [_thread_blocked, id=4784, stack(0x000000837f200000,0x000000837f700000)]
  0x000001962da67000 JavaThread "Attach Listener" daemon [_thread_blocked, id=10736, stack(0x000000837f700000,0x000000837fc00000)]
  0x000001962da68800 JavaThread "Service Thread" daemon [_thread_blocked, id=12716, stack(0x0000008300000000,0x0000008300500000)]
  0x000001962da6a000 JavaThread "C2 CompilerThread0" daemon [_thread_blocked, id=10180, stack(0x000000837fc00000,0x000000837fd00000)]
  0x000001962da6e800 JavaThread "C1 CompilerThread0" daemon [_thread_blocked, id=7596, stack(0x000000837fd00000,0x000000837fe00000)]
  0x000001962da72800 JavaThread "Sweeper thread" daemon [_thread_blocked, id=5504, stack(0x0000008300500000,0x0000008300a00000)]
  0x000001966faa8800 JavaThread "Common-Cleaner" daemon [_thread_blocked, id=12864, stack(0x0000008300a00000,0x0000008300f00000)]
  0x000001967004f000 JavaThread "Java2D Disposer" daemon [_thread_blocked, id=3116, stack(0x0000008300f00000,0x0000008301400000)]
  0x0000019670025000 JavaThread "AWT-Windows" daemon [_thread_in_native, id=2160, stack(0x0000008301900000,0x0000008301e00000)]
  0x0000019670603800 JavaThread "TimerQueue" daemon [_thread_blocked, id=1536, stack(0x0000008302400000,0x0000008302900000)]
  0x0000019670024000 JavaThread "AWT-Shutdown" [_thread_blocked, id=9144, stack(0x0000008302e00000,0x0000008303300000)]
=>0x0000019672d3d800 JavaThread "AWT-EventQueue-0" [_thread_in_native, id=6176, stack(0x0000008301400000,0x0000008301900000)]
  0x000001967168d000 JavaThread "Thread-1" [_thread_in_native, id=5600, stack(0x000000837ca00000,0x000000837de00000)]
  0x00000196733b3000 JavaThread "Process Messages Thread" [_thread_blocked, id=12652, stack(0x0000008303900000,0x0000008303e00000)]
  0x00000196733b4000 JavaThread "Batik CleanerThread" daemon [_thread_blocked, id=7124, stack(0x0000008303300000,0x0000008303800000)]
  0x00000196733b4800 JavaThread "SyntheticaCleanerThread" daemon [_thread_blocked, id=1284, stack(0x0000008304400000,0x0000008304900000)]
  0x00000196733b1800 JavaThread "Monitor HEventQueue Thread" [_thread_blocked, id=5856, stack(0x0000008305100000,0x0000008305600000)]
  0x00000196733b2800 JavaThread "SyntheticaAnimation 50" daemon [_thread_blocked, id=10792, stack(0x0000008305600000,0x0000008305b00000)]
  0x0000019611b6f800 JavaThread "SyntheticaAnimation 25" daemon [_thread_blocked, id=10916, stack(0x0000008305b00000,0x0000008306000000)]
  0x0000019611b6b800 JavaThread "SyntheticaAnimation 70" daemon [_thread_blocked, id=14864, stack(0x0000008306600000,0x0000008306b00000)]
  0x0000019611b6e800 JavaThread "Refresh Filesets Swing Worker Thread" [_thread_blocked, id=8048, stack(0x0000008303e00000,0x0000008304300000)]
  0x0000019611b72000 JavaThread "hw_ila_monitor" [_thread_blocked, id=4572, stack(0x0000008304900000,0x0000008304e00000)]
  0x0000019611b72800 JavaThread "pool-1-thread-1" [_thread_blocked, id=2820, stack(0x0000008307000000,0x0000008307500000)]
  0x0000019611b73800 JavaThread "pool-2-thread-1" [_thread_blocked, id=7184, stack(0x0000008307500000,0x0000008307a00000)]
  0x0000019611b6d800 JavaThread "pool-3-thread-1" [_thread_blocked, id=8068, stack(0x0000008307a00000,0x0000008307f00000)]
  0x0000019611b77800 JavaThread "Update Runs Swing Worker Thread" [_thread_blocked, id=5968, stack(0x0000008308400000,0x0000008308900000)]
  0x0000019611b75000 JavaThread "SyntheticaAnimation 50" daemon [_thread_blocked, id=6516, stack(0x0000008308900000,0x0000008308e00000)]
  0x0000019611b71000 JavaThread "Image Animator 0" daemon [_thread_blocked, id=1840, stack(0x0000008309300000,0x0000008309800000)]
  0x0000019611b76000 JavaThread "Timer-1" [_thread_blocked, id=7556, stack(0x0000008306100000,0x0000008306600000)]
  0x0000019611b70000 JavaThread "Monitor File Timestamp Swing Worker Thread" [_thread_blocked, id=13964, stack(0x0000008308e00000,0x0000008309300000)]
  0x0000019611b7a000 JavaThread "SyntheticaAnimation 50" daemon [_thread_blocked, id=2704, stack(0x0000008309d00000,0x000000830a200000)]
  0x0000019611b6c000 JavaThread "Timer-2" [_thread_blocked, id=9992, stack(0x0000008306b00000,0x0000008307000000)]
  0x0000019611b78800 JavaThread "Monitor File Timestamp Swing Worker Thread" [_thread_blocked, id=10576, stack(0x0000008307f00000,0x0000008308400000)]
  0x00000196021ee800 JavaThread "Timer-3" [_thread_blocked, id=9448, stack(0x0000008309800000,0x0000008309d00000)]
  0x00000196021ed800 JavaThread "Monitor File Timestamp Swing Worker Thread" [_thread_blocked, id=8180, stack(0x000000830a200000,0x000000830a700000)]
  0x00000196021ef000 JavaThread "Timer-5" [_thread_blocked, id=10800, stack(0x000000830ac00000,0x000000830b100000)]
  0x00000196021ec000 JavaThread "Monitor File Timestamp Swing Worker Thread" [_thread_blocked, id=6664, stack(0x000000830b100000,0x000000830b600000)]
  0x00000196021ed000 JavaThread "Timer-6" [_thread_blocked, id=5236, stack(0x000000830b600000,0x000000830bb00000)]
  0x00000196021e8800 JavaThread "Monitor File Timestamp Swing Worker Thread" [_thread_blocked, id=8208, stack(0x000000830bb00000,0x000000830c000000)]
  0x00000196021eb000 JavaThread "Timer-7" [_thread_blocked, id=6588, stack(0x000000830c000000,0x000000830c500000)]
  0x00000196021e9800 JavaThread "Monitor File Timestamp Swing Worker Thread" [_thread_blocked, id=10124, stack(0x000000830c500000,0x000000830ca00000)]
  0x00000196021f0000 JavaThread "Image Fetcher 0" daemon [_thread_blocked, id=268, stack(0x000000830a700000,0x000000830ac00000)]
  0x00000196021ea800 JavaThread "Code Inspector Thread" [_thread_in_native, id=10856, stack(0x000000830ca00000,0x000000830cf00000)]
  0x00000196021f5000 JavaThread "Code Inspector Thread" [_thread_in_native, id=3492, stack(0x000000830d400000,0x000000830d900000)]
  0x00000196021f6800 JavaThread "Code Inspector Thread" [_thread_in_native, id=8692, stack(0x000000830d900000,0x000000830de00000)]
  0x00000196021f6000 JavaThread "Code Inspector Thread" [_thread_in_native, id=1328, stack(0x000000830e800000,0x000000830ed00000)]

Other Threads:
  0x000001962da46000 VMThread "VM Thread" [stack: 0x000000837e700000,0x000000837e800000] [id=14668]
  0x000001966faad800 WatcherThread [stack: 0x000000837ff00000,0x0000008380000000] [id=11420]
  0x000001962c167800 GCTaskThread "GC Thread#0" [stack: 0x000000837e200000,0x000000837e300000] [id=10268]
  0x0000019671a6b800 GCTaskThread "GC Thread#1" [stack: 0x0000008301e00000,0x0000008301f00000] [id=14896]
  0x0000019671f4f800 GCTaskThread "GC Thread#2" [stack: 0x0000008301f00000,0x0000008302000000] [id=10740]
  0x0000019671f59000 GCTaskThread "GC Thread#3" [stack: 0x0000008302000000,0x0000008302100000] [id=13080]
  0x0000019670212800 GCTaskThread "GC Thread#4" [stack: 0x0000008302100000,0x0000008302200000] [id=8212]
  0x000001967160b800 GCTaskThread "GC Thread#5" [stack: 0x0000008302200000,0x0000008302300000] [id=9372]
  0x000001962c07d800 ConcurrentGCThread "G1 Main Marker" [stack: 0x000000837e300000,0x000000837e400000] [id=7232]
  0x000001962cfec800 ConcurrentGCThread "G1 Conc#0" [stack: 0x000000837e400000,0x000000837e500000] [id=2284]
  0x000001967168c800 ConcurrentGCThread "G1 Conc#1" [stack: 0x0000008303800000,0x0000008303900000] [id=3396]
  0x000001962d902000 ConcurrentGCThread "G1 Refine#0" [stack: 0x000000837e500000,0x000000837e600000] [id=14516]
  0x00000196716a3800 ConcurrentGCThread "G1 Refine#1" [stack: 0x0000008302300000,0x0000008302400000] [id=14544]
  0x0000019610c14000 ConcurrentGCThread "G1 Refine#2" [stack: 0x0000008306000000,0x0000008306100000] [id=14600]
  0x000001962d903800 ConcurrentGCThread "G1 Young RemSet Sampling" [stack: 0x000000837e600000,0x000000837e700000] [id=1880]

Threads with active compile tasks:

VM state:not at safepoint (normal execution)

VM Mutex/Monitor currently owned by a thread: None

Heap address: 0x0000000740000000, size: 3072 MB, Compressed Oops mode: Zero based, Oop shift amount: 3
Narrow klass base: 0x0000000800000000, Narrow klass shift: 0
Compressed class space size: 1073741824 Address: 0x0000000800000000

Heap:
 garbage-first heap   total 263168K, used 134481K [0x0000000740000000, 0x0000000800000000)
  region size 1024K, 34 young (34816K), 3 survivors (3072K)
 Metaspace       used 97146K, capacity 98191K, committed 102176K, reserved 1136640K
  class space    used 12739K, capacity 13156K, committed 14540K, reserved 1048576K
Heap Regions: E=young(eden), S=young(survivor), O=old, HS=humongous(starts), HC=humongous(continues), CS=collection set, F=free, A=archive, TAMS=top-at-mark-start (previous, next)
|   0|0x0000000740000000, 0x0000000740100000, 0x0000000740100000|100%|HS|  |TAMS 0x0000000740000000, 0x0000000740000000| Untracked 
|   1|0x0000000740100000, 0x0000000740200000, 0x0000000740200000|100%|HC|  |TAMS 0x0000000740100000, 0x0000000740100000| Untracked 
|   2|0x0000000740200000, 0x0000000740300000, 0x0000000740300000|100%|HS|  |TAMS 0x0000000740200000, 0x0000000740200000| Untracked 
|   3|0x0000000740300000, 0x00000007403e5bc8, 0x0000000740400000| 89%| O|  |TAMS 0x0000000740300000, 0x0000000740300000| Untracked 
|   4|0x0000000740400000, 0x00000007404ffb60, 0x0000000740500000| 99%| O|  |TAMS 0x0000000740400000, 0x0000000740400000| Untracked 
|   5|0x0000000740500000, 0x0000000740600000, 0x0000000740600000|100%| O|  |TAMS 0x0000000740500000, 0x0000000740500000| Untracked 
|   6|0x0000000740600000, 0x00000007406fabd0, 0x0000000740700000| 97%| O|  |TAMS 0x0000000740600000, 0x0000000740600000| Untracked 
|   7|0x0000000740700000, 0x00000007407fffe0, 0x0000000740800000| 99%| O|  |TAMS 0x0000000740700000, 0x0000000740700000| Untracked 
|   8|0x0000000740800000, 0x00000007408fe310, 0x0000000740900000| 99%| O|  |TAMS 0x0000000740800000, 0x0000000740800000| Untracked 
|   9|0x0000000740900000, 0x0000000740a00000, 0x0000000740a00000|100%| O|  |TAMS 0x0000000740900000, 0x0000000740900000| Untracked 
|  10|0x0000000740a00000, 0x0000000740afae28, 0x0000000740b00000| 98%| O|  |TAMS 0x0000000740a00000, 0x0000000740a00000| Untracked 
|  11|0x0000000740b00000, 0x0000000740bfd350, 0x0000000740c00000| 98%| O|  |TAMS 0x0000000740b00000, 0x0000000740b00000| Untracked 
|  12|0x0000000740c00000, 0x0000000740cfdfd0, 0x0000000740d00000| 99%| O|  |TAMS 0x0000000740c00000, 0x0000000740c00000| Untracked 
|  13|0x0000000740d00000, 0x0000000740dfffc8, 0x0000000740e00000| 99%| O|  |TAMS 0x0000000740d00000, 0x0000000740d00000| Untracked 
|  14|0x0000000740e00000, 0x0000000740effd98, 0x0000000740f00000| 99%| O|  |TAMS 0x0000000740e00000, 0x0000000740e00000| Untracked 
|  15|0x0000000740f00000, 0x0000000740ffff50, 0x0000000741000000| 99%| O|  |TAMS 0x0000000740f00000, 0x0000000740f00000| Untracked 
|  16|0x0000000741000000, 0x00000007410fffe8, 0x0000000741100000| 99%| O|  |TAMS 0x0000000741000000, 0x0000000741000000| Untracked 
|  17|0x0000000741100000, 0x00000007411ffff8, 0x0000000741200000| 99%| O|  |TAMS 0x0000000741100000, 0x0000000741100000| Untracked 
|  18|0x0000000741200000, 0x0000000741300000, 0x0000000741300000|100%| O|  |TAMS 0x0000000741200000, 0x0000000741200000| Untracked 
|  19|0x0000000741300000, 0x0000000741400000, 0x0000000741400000|100%| O|  |TAMS 0x0000000741300000, 0x0000000741300000| Untracked 
|  20|0x0000000741400000, 0x00000007414ffff0, 0x0000000741500000| 99%| O|  |TAMS 0x0000000741400000, 0x0000000741400000| Untracked 
|  21|0x0000000741500000, 0x00000007415ffe80, 0x0000000741600000| 99%| O|  |TAMS 0x0000000741500000, 0x0000000741500000| Untracked 
|  22|0x0000000741600000, 0x00000007416ffd30, 0x0000000741700000| 99%| O|  |TAMS 0x0000000741600000, 0x0000000741600000| Untracked 
|  23|0x0000000741700000, 0x00000007417fffd0, 0x0000000741800000| 99%| O|  |TAMS 0x0000000741700000, 0x0000000741700000| Untracked 
|  24|0x0000000741800000, 0x00000007418ff6a8, 0x0000000741900000| 99%| O|  |TAMS 0x0000000741800000, 0x0000000741800000| Untracked 
|  25|0x0000000741900000, 0x0000000741a00000, 0x0000000741a00000|100%|HS|  |TAMS 0x0000000741900000, 0x0000000741900000| Untracked 
|  26|0x0000000741a00000, 0x0000000741b00000, 0x0000000741b00000|100%| O|  |TAMS 0x0000000741a00000, 0x0000000741a00000| Untracked 
|  27|0x0000000741b00000, 0x0000000741bffff8, 0x0000000741c00000| 99%| O|  |TAMS 0x0000000741b00000, 0x0000000741b00000| Untracked 
|  28|0x0000000741c00000, 0x0000000741cffd60, 0x0000000741d00000| 99%| O|  |TAMS 0x0000000741c00000, 0x0000000741c00000| Untracked 
|  29|0x0000000741d00000, 0x0000000741dffff0, 0x0000000741e00000| 99%| O|  |TAMS 0x0000000741d00000, 0x0000000741d00000| Untracked 
|  30|0x0000000741e00000, 0x0000000741efffc0, 0x0000000741f00000| 99%| O|  |TAMS 0x0000000741e00000, 0x0000000741e00000| Untracked 
|  31|0x0000000741f00000, 0x0000000742000000, 0x0000000742000000|100%| O|  |TAMS 0x0000000741f00000, 0x0000000741f00000| Untracked 
|  32|0x0000000742000000, 0x00000007420ffff0, 0x0000000742100000| 99%| O|  |TAMS 0x0000000742000000, 0x0000000742000000| Untracked 
|  33|0x0000000742100000, 0x0000000742200000, 0x0000000742200000|100%| O|  |TAMS 0x0000000742100000, 0x0000000742100000| Untracked 
|  34|0x0000000742200000, 0x00000007422df438, 0x0000000742300000| 87%| O|  |TAMS 0x0000000742200000, 0x0000000742200000| Untracked 
|  35|0x0000000742300000, 0x00000007423fffe0, 0x0000000742400000| 99%| O|  |TAMS 0x0000000742300000, 0x0000000742300000| Untracked 
|  36|0x0000000742400000, 0x0000000742500000, 0x0000000742500000|100%| O|  |TAMS 0x0000000742400000, 0x0000000742400000| Untracked 
|  37|0x0000000742500000, 0x0000000742600000, 0x0000000742600000|100%| O|  |TAMS 0x0000000742500000, 0x0000000742500000| Untracked 
|  38|0x0000000742600000, 0x00000007426fffb0, 0x0000000742700000| 99%| O|  |TAMS 0x0000000742600000, 0x0000000742600000| Untracked 
|  39|0x0000000742700000, 0x00000007427ffe08, 0x0000000742800000| 99%| O|  |TAMS 0x0000000742700000, 0x0000000742700000| Untracked 
|  40|0x0000000742800000, 0x00000007428fffe0, 0x0000000742900000| 99%| O|  |TAMS 0x0000000742800000, 0x0000000742800000| Untracked 
|  41|0x0000000742900000, 0x00000007429ffff0, 0x0000000742a00000| 99%| O|  |TAMS 0x0000000742900000, 0x0000000742900000| Untracked 
|  42|0x0000000742a00000, 0x0000000742affff8, 0x0000000742b00000| 99%| O|  |TAMS 0x0000000742a00000, 0x0000000742a00000| Untracked 
|  43|0x0000000742b00000, 0x0000000742bcadd0, 0x0000000742c00000| 79%| O|  |TAMS 0x0000000742b00000, 0x0000000742b00000| Untracked 
|  44|0x0000000742c00000, 0x0000000742cffff8, 0x0000000742d00000| 99%| O|  |TAMS 0x0000000742c00000, 0x0000000742c00000| Untracked 
|  45|0x0000000742d00000, 0x0000000742e00000, 0x0000000742e00000|100%| O|  |TAMS 0x0000000742d00000, 0x0000000742d00000| Untracked 
|  46|0x0000000742e00000, 0x0000000742efffe8, 0x0000000742f00000| 99%| O|  |TAMS 0x0000000742e00000, 0x0000000742e00000| Untracked 
|  47|0x0000000742f00000, 0x0000000742fffff8, 0x0000000743000000| 99%| O|  |TAMS 0x0000000742f00000, 0x0000000742f00000| Untracked 
|  48|0x0000000743000000, 0x00000007430ffff8, 0x0000000743100000| 99%| O|  |TAMS 0x0000000743000000, 0x0000000743000000| Untracked 
|  49|0x0000000743100000, 0x00000007431ffff0, 0x0000000743200000| 99%| O|  |TAMS 0x0000000743100000, 0x0000000743100000| Untracked 
|  50|0x0000000743200000, 0x00000007432fff08, 0x0000000743300000| 99%| O|  |TAMS 0x0000000743200000, 0x0000000743200000| Untracked 
|  51|0x0000000743300000, 0x00000007433ffff8, 0x0000000743400000| 99%| O|  |TAMS 0x0000000743300000, 0x0000000743300000| Untracked 
|  52|0x0000000743400000, 0x00000007434fffe8, 0x0000000743500000| 99%| O|  |TAMS 0x0000000743400000, 0x0000000743400000| Untracked 
|  53|0x0000000743500000, 0x00000007435ffff8, 0x0000000743600000| 99%| O|  |TAMS 0x0000000743500000, 0x0000000743500000| Untracked 
|  54|0x0000000743600000, 0x00000007436ffff0, 0x0000000743700000| 99%| O|  |TAMS 0x0000000743600000, 0x0000000743600000| Untracked 
|  55|0x0000000743700000, 0x00000007437ffff8, 0x0000000743800000| 99%| O|  |TAMS 0x0000000743700000, 0x0000000743700000| Untracked 
|  56|0x0000000743800000, 0x00000007438ffff0, 0x0000000743900000| 99%| O|  |TAMS 0x0000000743800000, 0x0000000743800000| Untracked 
|  57|0x0000000743900000, 0x00000007439ffff8, 0x0000000743a00000| 99%| O|  |TAMS 0x0000000743900000, 0x0000000743900000| Untracked 
|  58|0x0000000743a00000, 0x0000000743affff0, 0x0000000743b00000| 99%| O|  |TAMS 0x0000000743a00000, 0x0000000743a00000| Untracked 
|  59|0x0000000743b00000, 0x0000000743bffff8, 0x0000000743c00000| 99%| O|  |TAMS 0x0000000743b00000, 0x0000000743b00000| Untracked 
|  60|0x0000000743c00000, 0x0000000743cffff0, 0x0000000743d00000| 99%| O|  |TAMS 0x0000000743c00000, 0x0000000743c00000| Untracked 
|  61|0x0000000743d00000, 0x0000000743dfffe8, 0x0000000743e00000| 99%| O|  |TAMS 0x0000000743d00000, 0x0000000743d00000| Untracked 
|  62|0x0000000743e00000, 0x0000000743effff8, 0x0000000743f00000| 99%| O|  |TAMS 0x0000000743e00000, 0x0000000743e00000| Untracked 
|  63|0x0000000743f00000, 0x0000000743fffff8, 0x0000000744000000| 99%| O|  |TAMS 0x0000000743f00000, 0x0000000743f00000| Untracked 
|  64|0x0000000744000000, 0x00000007440fffe8, 0x0000000744100000| 99%| O|  |TAMS 0x0000000744000000, 0x0000000744000000| Untracked 
|  65|0x0000000744100000, 0x00000007441ffff8, 0x0000000744200000| 99%| O|  |TAMS 0x0000000744100000, 0x0000000744100000| Untracked 
|  66|0x0000000744200000, 0x0000000744300000, 0x0000000744300000|100%| O|  |TAMS 0x0000000744200000, 0x0000000744200000| Untracked 
|  67|0x0000000744300000, 0x00000007443ffff8, 0x0000000744400000| 99%| O|  |TAMS 0x0000000744300000, 0x0000000744300000| Untracked 
|  68|0x0000000744400000, 0x00000007444ffff0, 0x0000000744500000| 99%| O|  |TAMS 0x0000000744400000, 0x0000000744400000| Untracked 
|  69|0x0000000744500000, 0x00000007445ffe40, 0x0000000744600000| 99%| O|  |TAMS 0x0000000744500000, 0x0000000744500000| Untracked 
|  70|0x0000000744600000, 0x00000007446ffff0, 0x0000000744700000| 99%| O|  |TAMS 0x0000000744600000, 0x0000000744600000| Untracked 
|  71|0x0000000744700000, 0x00000007447ffff8, 0x0000000744800000| 99%| O|  |TAMS 0x0000000744700000, 0x0000000744700000| Untracked 
|  72|0x0000000744800000, 0x00000007448fffd0, 0x0000000744900000| 99%| O|  |TAMS 0x0000000744800000, 0x0000000744800000| Untracked 
|  73|0x0000000744900000, 0x0000000744a00000, 0x0000000744a00000|100%| O|  |TAMS 0x0000000744900000, 0x0000000744900000| Untracked 
|  74|0x0000000744a00000, 0x0000000744affff0, 0x0000000744b00000| 99%| O|  |TAMS 0x0000000744a00000, 0x0000000744a00000| Untracked 
|  75|0x0000000744b00000, 0x0000000744bfffe0, 0x0000000744c00000| 99%| O|  |TAMS 0x0000000744b00000, 0x0000000744b00000| Untracked 
|  76|0x0000000744c00000, 0x0000000744cffff0, 0x0000000744d00000| 99%| O|  |TAMS 0x0000000744c00000, 0x0000000744c00000| Untracked 
|  77|0x0000000744d00000, 0x0000000744dfffa0, 0x0000000744e00000| 99%| O|  |TAMS 0x0000000744d00000, 0x0000000744d00000| Untracked 
|  78|0x0000000744e00000, 0x0000000744efb4c0, 0x0000000744f00000| 98%| O|  |TAMS 0x0000000744e00000, 0x0000000744e00000| Untracked 
|  79|0x0000000744f00000, 0x0000000744fffff8, 0x0000000745000000| 99%| O|  |TAMS 0x0000000744f00000, 0x0000000744f00000| Untracked 
|  80|0x0000000745000000, 0x00000007450fffe8, 0x0000000745100000| 99%| O|  |TAMS 0x0000000745000000, 0x0000000745000000| Untracked 
|  81|0x0000000745100000, 0x00000007451f18f8, 0x0000000745200000| 94%| O|  |TAMS 0x0000000745100000, 0x0000000745100000| Untracked 
|  82|0x0000000745200000, 0x00000007452fa070, 0x0000000745300000| 97%| O|  |TAMS 0x0000000745200000, 0x0000000745200000| Untracked 
|  83|0x0000000745300000, 0x0000000745400000, 0x0000000745400000|100%| O|  |TAMS 0x0000000745300000, 0x0000000745300000| Untracked 
|  84|0x0000000745400000, 0x0000000745500000, 0x0000000745500000|100%|HS|  |TAMS 0x0000000745400000, 0x0000000745400000| Untracked 
|  85|0x0000000745500000, 0x0000000745600000, 0x0000000745600000|100%|HC|  |TAMS 0x0000000745500000, 0x0000000745500000| Untracked 
|  86|0x0000000745600000, 0x0000000745700000, 0x0000000745700000|100%|HC|  |TAMS 0x0000000745600000, 0x0000000745600000| Untracked 
|  87|0x0000000745700000, 0x0000000745800000, 0x0000000745800000|100%|HC|  |TAMS 0x0000000745700000, 0x0000000745700000| Untracked 
|  88|0x0000000745800000, 0x00000007458612b8, 0x0000000745900000| 37%| O|  |TAMS 0x0000000745800000, 0x0000000745800000| Untracked 
|  89|0x0000000745900000, 0x00000007459fd9c8, 0x0000000745a00000| 99%| O|  |TAMS 0x0000000745900000, 0x0000000745900000| Untracked 
|  90|0x0000000745a00000, 0x0000000745a70e00, 0x0000000745b00000| 44%| O|  |TAMS 0x0000000745a00000, 0x0000000745a00000| Untracked 
|  91|0x0000000745b00000, 0x0000000745b00000, 0x0000000745c00000|  0%| F|  |TAMS 0x0000000745b00000, 0x0000000745b00000| Untracked 
|  92|0x0000000745c00000, 0x0000000745cfffe8, 0x0000000745d00000| 99%| O|  |TAMS 0x0000000745c00000, 0x0000000745c00000| Untracked 
|  93|0x0000000745d00000, 0x0000000745d7bb78, 0x0000000745e00000| 48%| O|  |TAMS 0x0000000745d00000, 0x0000000745d00000| Untracked 
|  94|0x0000000745e00000, 0x0000000745e00000, 0x0000000745f00000|  0%| F|  |TAMS 0x0000000745e00000, 0x0000000745e00000| Untracked 
|  95|0x0000000745f00000, 0x0000000745f00000, 0x0000000746000000|  0%| F|  |TAMS 0x0000000745f00000, 0x0000000745f00000| Untracked 
|  96|0x0000000746000000, 0x0000000746000000, 0x0000000746100000|  0%| F|  |TAMS 0x0000000746000000, 0x0000000746000000| Untracked 
|  97|0x0000000746100000, 0x0000000746100000, 0x0000000746200000|  0%| F|  |TAMS 0x0000000746100000, 0x0000000746100000| Untracked 
|  98|0x0000000746200000, 0x0000000746200000, 0x0000000746300000|  0%| F|  |TAMS 0x0000000746200000, 0x0000000746200000| Untracked 
|  99|0x0000000746300000, 0x0000000746300000, 0x0000000746400000|  0%| F|  |TAMS 0x0000000746300000, 0x0000000746300000| Untracked 
| 100|0x0000000746400000, 0x0000000746400000, 0x0000000746500000|  0%| F|  |TAMS 0x0000000746400000, 0x0000000746400000| Untracked 
| 101|0x0000000746500000, 0x0000000746600000, 0x0000000746600000|100%|HS|  |TAMS 0x0000000746500000, 0x0000000746500000| Untracked 
| 102|0x0000000746600000, 0x0000000746700000, 0x0000000746700000|100%|HC|  |TAMS 0x0000000746600000, 0x0000000746600000| Untracked 
| 103|0x0000000746700000, 0x0000000746800000, 0x0000000746800000|100%|HC|  |TAMS 0x0000000746700000, 0x0000000746700000| Untracked 
| 104|0x0000000746800000, 0x0000000746900000, 0x0000000746900000|100%|HC|  |TAMS 0x0000000746800000, 0x0000000746800000| Untracked 
| 105|0x0000000746900000, 0x0000000746a00000, 0x0000000746a00000|100%|HC|  |TAMS 0x0000000746900000, 0x0000000746900000| Untracked 
| 106|0x0000000746a00000, 0x0000000746b00000, 0x0000000746b00000|100%|HC|  |TAMS 0x0000000746a00000, 0x0000000746a00000| Untracked 
| 107|0x0000000746b00000, 0x0000000746c00000, 0x0000000746c00000|100%|HC|  |TAMS 0x0000000746b00000, 0x0000000746b00000| Untracked 
| 108|0x0000000746c00000, 0x0000000746d00000, 0x0000000746d00000|100%|HC|  |TAMS 0x0000000746c00000, 0x0000000746c00000| Untracked 
| 109|0x0000000746d00000, 0x0000000746d00000, 0x0000000746e00000|  0%| F|  |TAMS 0x0000000746d00000, 0x0000000746d00000| Untracked 
| 110|0x0000000746e00000, 0x0000000746e00000, 0x0000000746f00000|  0%| F|  |TAMS 0x0000000746e00000, 0x0000000746e00000| Untracked 
| 111|0x0000000746f00000, 0x0000000746f00000, 0x0000000747000000|  0%| F|  |TAMS 0x0000000746f00000, 0x0000000746f00000| Untracked 
| 112|0x0000000747000000, 0x0000000747000000, 0x0000000747100000|  0%| F|  |TAMS 0x0000000747000000, 0x0000000747000000| Untracked 
| 113|0x0000000747100000, 0x0000000747100000, 0x0000000747200000|  0%| F|  |TAMS 0x0000000747100000, 0x0000000747100000| Untracked 
| 114|0x0000000747200000, 0x0000000747200000, 0x0000000747300000|  0%| F|  |TAMS 0x0000000747200000, 0x0000000747200000| Untracked 
| 115|0x0000000747300000, 0x0000000747300000, 0x0000000747400000|  0%| F|  |TAMS 0x0000000747300000, 0x0000000747300000| Untracked 
| 116|0x0000000747400000, 0x0000000747400000, 0x0000000747500000|  0%| F|  |TAMS 0x0000000747400000, 0x0000000747400000| Untracked 
| 117|0x0000000747500000, 0x0000000747500000, 0x0000000747600000|  0%| F|  |TAMS 0x0000000747500000, 0x0000000747500000| Untracked 
| 118|0x0000000747600000, 0x0000000747600000, 0x0000000747700000|  0%| F|  |TAMS 0x0000000747600000, 0x0000000747600000| Untracked 
| 119|0x0000000747700000, 0x0000000747700000, 0x0000000747800000|  0%| F|  |TAMS 0x0000000747700000, 0x0000000747700000| Untracked 
| 120|0x0000000747800000, 0x0000000747800000, 0x0000000747900000|  0%| F|  |TAMS 0x0000000747800000, 0x0000000747800000| Untracked 
| 121|0x0000000747900000, 0x0000000747900000, 0x0000000747a00000|  0%| F|  |TAMS 0x0000000747900000, 0x0000000747900000| Untracked 
| 122|0x0000000747a00000, 0x0000000747a00000, 0x0000000747b00000|  0%| F|  |TAMS 0x0000000747a00000, 0x0000000747a00000| Untracked 
| 123|0x0000000747b00000, 0x0000000747b00000, 0x0000000747c00000|  0%| F|  |TAMS 0x0000000747b00000, 0x0000000747b00000| Untracked 
| 124|0x0000000747c00000, 0x0000000747c00000, 0x0000000747d00000|  0%| F|  |TAMS 0x0000000747c00000, 0x0000000747c00000| Untracked 
| 125|0x0000000747d00000, 0x0000000747d00000, 0x0000000747e00000|  0%| F|  |TAMS 0x0000000747d00000, 0x0000000747d00000| Untracked 
| 126|0x0000000747e00000, 0x0000000747e00000, 0x0000000747f00000|  0%| F|  |TAMS 0x0000000747e00000, 0x0000000747e00000| Untracked 
| 127|0x0000000747f00000, 0x0000000747f00000, 0x0000000748000000|  0%| F|  |TAMS 0x0000000747f00000, 0x0000000747f00000| Untracked 
| 128|0x0000000748000000, 0x0000000748000000, 0x0000000748100000|  0%| F|  |TAMS 0x0000000748000000, 0x0000000748000000| Untracked 
| 129|0x0000000748100000, 0x0000000748100000, 0x0000000748200000|  0%| F|  |TAMS 0x0000000748100000, 0x0000000748100000| Untracked 
| 130|0x0000000748200000, 0x0000000748200000, 0x0000000748300000|  0%| F|  |TAMS 0x0000000748200000, 0x0000000748200000| Untracked 
| 131|0x0000000748300000, 0x0000000748300000, 0x0000000748400000|  0%| F|  |TAMS 0x0000000748300000, 0x0000000748300000| Untracked 
| 132|0x0000000748400000, 0x0000000748400000, 0x0000000748500000|  0%| F|  |TAMS 0x0000000748400000, 0x0000000748400000| Untracked 
| 133|0x0000000748500000, 0x0000000748500000, 0x0000000748600000|  0%| F|  |TAMS 0x0000000748500000, 0x0000000748500000| Untracked 
| 134|0x0000000748600000, 0x0000000748600000, 0x0000000748700000|  0%| F|  |TAMS 0x0000000748600000, 0x0000000748600000| Untracked 
| 135|0x0000000748700000, 0x0000000748700000, 0x0000000748800000|  0%| F|  |TAMS 0x0000000748700000, 0x0000000748700000| Untracked 
| 136|0x0000000748800000, 0x0000000748800000, 0x0000000748900000|  0%| F|  |TAMS 0x0000000748800000, 0x0000000748800000| Untracked 
| 137|0x0000000748900000, 0x0000000748900000, 0x0000000748a00000|  0%| F|  |TAMS 0x0000000748900000, 0x0000000748900000| Untracked 
| 138|0x0000000748a00000, 0x0000000748a00000, 0x0000000748b00000|  0%| F|  |TAMS 0x0000000748a00000, 0x0000000748a00000| Untracked 
| 139|0x0000000748b00000, 0x0000000748b00000, 0x0000000748c00000|  0%| F|  |TAMS 0x0000000748b00000, 0x0000000748b00000| Untracked 
| 140|0x0000000748c00000, 0x0000000748c00000, 0x0000000748d00000|  0%| F|  |TAMS 0x0000000748c00000, 0x0000000748c00000| Untracked 
| 141|0x0000000748d00000, 0x0000000748d00000, 0x0000000748e00000|  0%| F|  |TAMS 0x0000000748d00000, 0x0000000748d00000| Untracked 
| 142|0x0000000748e00000, 0x0000000748e00000, 0x0000000748f00000|  0%| F|  |TAMS 0x0000000748e00000, 0x0000000748e00000| Untracked 
| 143|0x0000000748f00000, 0x0000000748f00000, 0x0000000749000000|  0%| F|  |TAMS 0x0000000748f00000, 0x0000000748f00000| Untracked 
| 144|0x0000000749000000, 0x0000000749000000, 0x0000000749100000|  0%| F|  |TAMS 0x0000000749000000, 0x0000000749000000| Untracked 
| 145|0x0000000749100000, 0x0000000749100000, 0x0000000749200000|  0%| F|  |TAMS 0x0000000749100000, 0x0000000749100000| Untracked 
| 146|0x0000000749200000, 0x0000000749200000, 0x0000000749300000|  0%| F|  |TAMS 0x0000000749200000, 0x0000000749200000| Untracked 
| 147|0x0000000749300000, 0x0000000749300000, 0x0000000749400000|  0%| F|  |TAMS 0x0000000749300000, 0x0000000749300000| Untracked 
| 148|0x0000000749400000, 0x0000000749400000, 0x0000000749500000|  0%| F|  |TAMS 0x0000000749400000, 0x0000000749400000| Untracked 
| 149|0x0000000749500000, 0x0000000749500000, 0x0000000749600000|  0%| F|  |TAMS 0x0000000749500000, 0x0000000749500000| Untracked 
| 150|0x0000000749600000, 0x0000000749600000, 0x0000000749700000|  0%| F|  |TAMS 0x0000000749600000, 0x0000000749600000| Untracked 
| 151|0x0000000749700000, 0x0000000749700000, 0x0000000749800000|  0%| F|  |TAMS 0x0000000749700000, 0x0000000749700000| Untracked 
| 152|0x0000000749800000, 0x0000000749800000, 0x0000000749900000|  0%| F|  |TAMS 0x0000000749800000, 0x0000000749800000| Untracked 
| 153|0x0000000749900000, 0x0000000749900000, 0x0000000749a00000|  0%| F|  |TAMS 0x0000000749900000, 0x0000000749900000| Untracked 
| 154|0x0000000749a00000, 0x0000000749a00000, 0x0000000749b00000|  0%| F|  |TAMS 0x0000000749a00000, 0x0000000749a00000| Untracked 
| 155|0x0000000749b00000, 0x0000000749b00000, 0x0000000749c00000|  0%| F|  |TAMS 0x0000000749b00000, 0x0000000749b00000| Untracked 
| 156|0x0000000749c00000, 0x0000000749c00000, 0x0000000749d00000|  0%| F|  |TAMS 0x0000000749c00000, 0x0000000749c00000| Untracked 
| 157|0x0000000749d00000, 0x0000000749d00000, 0x0000000749e00000|  0%| F|  |TAMS 0x0000000749d00000, 0x0000000749d00000| Untracked 
| 158|0x0000000749e00000, 0x0000000749e00000, 0x0000000749f00000|  0%| F|  |TAMS 0x0000000749e00000, 0x0000000749e00000| Untracked 
| 159|0x0000000749f00000, 0x0000000749f00000, 0x000000074a000000|  0%| F|  |TAMS 0x0000000749f00000, 0x0000000749f00000| Untracked 
| 160|0x000000074a000000, 0x000000074a000000, 0x000000074a100000|  0%| F|  |TAMS 0x000000074a000000, 0x000000074a000000| Untracked 
| 161|0x000000074a100000, 0x000000074a100000, 0x000000074a200000|  0%| F|  |TAMS 0x000000074a100000, 0x000000074a100000| Untracked 
| 162|0x000000074a200000, 0x000000074a200000, 0x000000074a300000|  0%| F|  |TAMS 0x000000074a200000, 0x000000074a200000| Untracked 
| 163|0x000000074a300000, 0x000000074a300000, 0x000000074a400000|  0%| F|  |TAMS 0x000000074a300000, 0x000000074a300000| Untracked 
| 164|0x000000074a400000, 0x000000074a400000, 0x000000074a500000|  0%| F|  |TAMS 0x000000074a400000, 0x000000074a400000| Untracked 
| 165|0x000000074a500000, 0x000000074a500000, 0x000000074a600000|  0%| F|  |TAMS 0x000000074a500000, 0x000000074a500000| Untracked 
| 166|0x000000074a600000, 0x000000074a600000, 0x000000074a700000|  0%| F|  |TAMS 0x000000074a600000, 0x000000074a600000| Untracked 
| 167|0x000000074a700000, 0x000000074a700000, 0x000000074a800000|  0%| F|  |TAMS 0x000000074a700000, 0x000000074a700000| Untracked 
| 168|0x000000074a800000, 0x000000074a800000, 0x000000074a900000|  0%| F|  |TAMS 0x000000074a800000, 0x000000074a800000| Untracked 
| 169|0x000000074a900000, 0x000000074a900000, 0x000000074aa00000|  0%| F|  |TAMS 0x000000074a900000, 0x000000074a900000| Untracked 
| 170|0x000000074aa00000, 0x000000074aa00000, 0x000000074ab00000|  0%| F|  |TAMS 0x000000074aa00000, 0x000000074aa00000| Untracked 
| 171|0x000000074ab00000, 0x000000074ab00000, 0x000000074ac00000|  0%| F|  |TAMS 0x000000074ab00000, 0x000000074ab00000| Untracked 
| 172|0x000000074ac00000, 0x000000074ac00000, 0x000000074ad00000|  0%| F|  |TAMS 0x000000074ac00000, 0x000000074ac00000| Untracked 
| 173|0x000000074ad00000, 0x000000074ad00000, 0x000000074ae00000|  0%| F|  |TAMS 0x000000074ad00000, 0x000000074ad00000| Untracked 
| 174|0x000000074ae00000, 0x000000074ae00000, 0x000000074af00000|  0%| F|  |TAMS 0x000000074ae00000, 0x000000074ae00000| Untracked 
| 175|0x000000074af00000, 0x000000074af00000, 0x000000074b000000|  0%| F|  |TAMS 0x000000074af00000, 0x000000074af00000| Untracked 
| 176|0x000000074b000000, 0x000000074b000000, 0x000000074b100000|  0%| F|  |TAMS 0x000000074b000000, 0x000000074b000000| Untracked 
| 177|0x000000074b100000, 0x000000074b100000, 0x000000074b200000|  0%| F|  |TAMS 0x000000074b100000, 0x000000074b100000| Untracked 
| 178|0x000000074b200000, 0x000000074b200000, 0x000000074b300000|  0%| F|  |TAMS 0x000000074b200000, 0x000000074b200000| Untracked 
| 179|0x000000074b300000, 0x000000074b300000, 0x000000074b400000|  0%| F|  |TAMS 0x000000074b300000, 0x000000074b300000| Untracked 
| 180|0x000000074b400000, 0x000000074b400000, 0x000000074b500000|  0%| F|  |TAMS 0x000000074b400000, 0x000000074b400000| Untracked 
| 181|0x000000074b500000, 0x000000074b500000, 0x000000074b600000|  0%| F|  |TAMS 0x000000074b500000, 0x000000074b500000| Untracked 
| 182|0x000000074b600000, 0x000000074b600000, 0x000000074b700000|  0%| F|  |TAMS 0x000000074b600000, 0x000000074b600000| Untracked 
| 183|0x000000074b700000, 0x000000074b700000, 0x000000074b800000|  0%| F|  |TAMS 0x000000074b700000, 0x000000074b700000| Untracked 
| 184|0x000000074b800000, 0x000000074b800000, 0x000000074b900000|  0%| F|  |TAMS 0x000000074b800000, 0x000000074b800000| Untracked 
| 185|0x000000074b900000, 0x000000074b900000, 0x000000074ba00000|  0%| F|  |TAMS 0x000000074b900000, 0x000000074b900000| Untracked 
| 186|0x000000074ba00000, 0x000000074ba00000, 0x000000074bb00000|  0%| F|  |TAMS 0x000000074ba00000, 0x000000074ba00000| Untracked 
| 187|0x000000074bb00000, 0x000000074bb00000, 0x000000074bc00000|  0%| F|  |TAMS 0x000000074bb00000, 0x000000074bb00000| Untracked 
| 188|0x000000074bc00000, 0x000000074bc00000, 0x000000074bd00000|  0%| F|  |TAMS 0x000000074bc00000, 0x000000074bc00000| Untracked 
| 189|0x000000074bd00000, 0x000000074bd00000, 0x000000074be00000|  0%| F|  |TAMS 0x000000074bd00000, 0x000000074bd00000| Untracked 
| 190|0x000000074be00000, 0x000000074be00000, 0x000000074bf00000|  0%| F|  |TAMS 0x000000074be00000, 0x000000074be00000| Untracked 
| 191|0x000000074bf00000, 0x000000074bf00000, 0x000000074c000000|  0%| F|  |TAMS 0x000000074bf00000, 0x000000074bf00000| Untracked 
| 192|0x000000074c000000, 0x000000074c000000, 0x000000074c100000|  0%| F|  |TAMS 0x000000074c000000, 0x000000074c000000| Untracked 
| 193|0x000000074c100000, 0x000000074c100000, 0x000000074c200000|  0%| F|  |TAMS 0x000000074c100000, 0x000000074c100000| Untracked 
| 194|0x000000074c200000, 0x000000074c2a5430, 0x000000074c300000| 64%| S|CS|TAMS 0x000000074c200000, 0x000000074c200000| Complete 
| 195|0x000000074c300000, 0x000000074c400000, 0x000000074c400000|100%| S|CS|TAMS 0x000000074c300000, 0x000000074c300000| Complete 
| 196|0x000000074c400000, 0x000000074c500000, 0x000000074c500000|100%| S|CS|TAMS 0x000000074c400000, 0x000000074c400000| Complete 
| 197|0x000000074c500000, 0x000000074c500000, 0x000000074c600000|  0%| F|  |TAMS 0x000000074c500000, 0x000000074c500000| Untracked 
| 198|0x000000074c600000, 0x000000074c600000, 0x000000074c700000|  0%| F|  |TAMS 0x000000074c600000, 0x000000074c600000| Untracked 
| 199|0x000000074c700000, 0x000000074c700000, 0x000000074c800000|  0%| F|  |TAMS 0x000000074c700000, 0x000000074c700000| Untracked 
| 200|0x000000074c800000, 0x000000074c800000, 0x000000074c900000|  0%| F|  |TAMS 0x000000074c800000, 0x000000074c800000| Untracked 
| 201|0x000000074c900000, 0x000000074c900000, 0x000000074ca00000|  0%| F|  |TAMS 0x000000074c900000, 0x000000074c900000| Untracked 
| 202|0x000000074ca00000, 0x000000074ca00000, 0x000000074cb00000|  0%| F|  |TAMS 0x000000074ca00000, 0x000000074ca00000| Untracked 
| 203|0x000000074cb00000, 0x000000074cb00000, 0x000000074cc00000|  0%| F|  |TAMS 0x000000074cb00000, 0x000000074cb00000| Untracked 
| 204|0x000000074cc00000, 0x000000074cc00000, 0x000000074cd00000|  0%| F|  |TAMS 0x000000074cc00000, 0x000000074cc00000| Untracked 
| 205|0x000000074cd00000, 0x000000074cd00000, 0x000000074ce00000|  0%| F|  |TAMS 0x000000074cd00000, 0x000000074cd00000| Untracked 
| 206|0x000000074ce00000, 0x000000074ce00000, 0x000000074cf00000|  0%| F|  |TAMS 0x000000074ce00000, 0x000000074ce00000| Untracked 
| 207|0x000000074cf00000, 0x000000074cf00000, 0x000000074d000000|  0%| F|  |TAMS 0x000000074cf00000, 0x000000074cf00000| Untracked 
| 208|0x000000074d000000, 0x000000074d000000, 0x000000074d100000|  0%| F|  |TAMS 0x000000074d000000, 0x000000074d000000| Untracked 
| 209|0x000000074d100000, 0x000000074d100000, 0x000000074d200000|  0%| F|  |TAMS 0x000000074d100000, 0x000000074d100000| Untracked 
| 210|0x000000074d200000, 0x000000074d200000, 0x000000074d300000|  0%| F|  |TAMS 0x000000074d200000, 0x000000074d200000| Untracked 
| 211|0x000000074d300000, 0x000000074d300000, 0x000000074d400000|  0%| F|  |TAMS 0x000000074d300000, 0x000000074d300000| Untracked 
| 212|0x000000074d400000, 0x000000074d400000, 0x000000074d500000|  0%| F|  |TAMS 0x000000074d400000, 0x000000074d400000| Untracked 
| 213|0x000000074d500000, 0x000000074d500000, 0x000000074d600000|  0%| F|  |TAMS 0x000000074d500000, 0x000000074d500000| Untracked 
| 214|0x000000074d600000, 0x000000074d600000, 0x000000074d700000|  0%| F|  |TAMS 0x000000074d600000, 0x000000074d600000| Untracked 
| 215|0x000000074d700000, 0x000000074d700000, 0x000000074d800000|  0%| F|  |TAMS 0x000000074d700000, 0x000000074d700000| Untracked 
| 216|0x000000074d800000, 0x000000074d800000, 0x000000074d900000|  0%| F|  |TAMS 0x000000074d800000, 0x000000074d800000| Untracked 
| 217|0x000000074d900000, 0x000000074d900000, 0x000000074da00000|  0%| F|  |TAMS 0x000000074d900000, 0x000000074d900000| Untracked 
| 218|0x000000074da00000, 0x000000074da00000, 0x000000074db00000|  0%| F|  |TAMS 0x000000074da00000, 0x000000074da00000| Untracked 
| 219|0x000000074db00000, 0x000000074db00000, 0x000000074dc00000|  0%| F|  |TAMS 0x000000074db00000, 0x000000074db00000| Untracked 
| 220|0x000000074dc00000, 0x000000074dc00000, 0x000000074dd00000|  0%| F|  |TAMS 0x000000074dc00000, 0x000000074dc00000| Untracked 
| 221|0x000000074dd00000, 0x000000074dd00000, 0x000000074de00000|  0%| F|  |TAMS 0x000000074dd00000, 0x000000074dd00000| Untracked 
| 222|0x000000074de00000, 0x000000074de00000, 0x000000074df00000|  0%| F|  |TAMS 0x000000074de00000, 0x000000074de00000| Untracked 
| 223|0x000000074df00000, 0x000000074df00000, 0x000000074e000000|  0%| F|  |TAMS 0x000000074df00000, 0x000000074df00000| Untracked 
| 224|0x000000074e000000, 0x000000074e000000, 0x000000074e100000|  0%| F|  |TAMS 0x000000074e000000, 0x000000074e000000| Untracked 
| 225|0x000000074e100000, 0x000000074e100000, 0x000000074e200000|  0%| F|  |TAMS 0x000000074e100000, 0x000000074e100000| Untracked 
| 226|0x000000074e200000, 0x000000074e2c3660, 0x000000074e300000| 76%| E|  |TAMS 0x000000074e200000, 0x000000074e200000| Complete 
| 227|0x000000074e300000, 0x000000074e400000, 0x000000074e400000|100%| E|CS|TAMS 0x000000074e300000, 0x000000074e300000| Complete 
| 228|0x000000074e400000, 0x000000074e500000, 0x000000074e500000|100%| E|CS|TAMS 0x000000074e400000, 0x000000074e400000| Complete 
| 229|0x000000074e500000, 0x000000074e600000, 0x000000074e600000|100%| E|CS|TAMS 0x000000074e500000, 0x000000074e500000| Complete 
| 230|0x000000074e600000, 0x000000074e700000, 0x000000074e700000|100%| E|CS|TAMS 0x000000074e600000, 0x000000074e600000| Complete 
| 231|0x000000074e700000, 0x000000074e800000, 0x000000074e800000|100%| E|CS|TAMS 0x000000074e700000, 0x000000074e700000| Complete 
| 232|0x000000074e800000, 0x000000074e900000, 0x000000074e900000|100%| E|CS|TAMS 0x000000074e800000, 0x000000074e800000| Complete 
| 233|0x000000074e900000, 0x000000074ea00000, 0x000000074ea00000|100%| E|CS|TAMS 0x000000074e900000, 0x000000074e900000| Complete 
| 234|0x000000074ea00000, 0x000000074eb00000, 0x000000074eb00000|100%| E|CS|TAMS 0x000000074ea00000, 0x000000074ea00000| Complete 
| 235|0x000000074eb00000, 0x000000074ec00000, 0x000000074ec00000|100%| E|CS|TAMS 0x000000074eb00000, 0x000000074eb00000| Complete 
| 236|0x000000074ec00000, 0x000000074ed00000, 0x000000074ed00000|100%| E|CS|TAMS 0x000000074ec00000, 0x000000074ec00000| Complete 
| 237|0x000000074ed00000, 0x000000074ee00000, 0x000000074ee00000|100%| E|CS|TAMS 0x000000074ed00000, 0x000000074ed00000| Complete 
| 238|0x000000074ee00000, 0x000000074ef00000, 0x000000074ef00000|100%| E|CS|TAMS 0x000000074ee00000, 0x000000074ee00000| Complete 
| 239|0x000000074ef00000, 0x000000074f000000, 0x000000074f000000|100%| E|CS|TAMS 0x000000074ef00000, 0x000000074ef00000| Complete 
| 240|0x000000074f000000, 0x000000074f100000, 0x000000074f100000|100%| E|CS|TAMS 0x000000074f000000, 0x000000074f000000| Complete 
| 241|0x000000074f100000, 0x000000074f200000, 0x000000074f200000|100%| E|CS|TAMS 0x000000074f100000, 0x000000074f100000| Complete 
| 242|0x000000074f200000, 0x000000074f300000, 0x000000074f300000|100%| E|CS|TAMS 0x000000074f200000, 0x000000074f200000| Complete 
| 243|0x000000074f300000, 0x000000074f400000, 0x000000074f400000|100%| E|CS|TAMS 0x000000074f300000, 0x000000074f300000| Complete 
| 244|0x000000074f400000, 0x000000074f500000, 0x000000074f500000|100%| E|CS|TAMS 0x000000074f400000, 0x000000074f400000| Complete 
| 245|0x000000074f500000, 0x000000074f600000, 0x000000074f600000|100%| E|CS|TAMS 0x000000074f500000, 0x000000074f500000| Complete 
| 246|0x000000074f600000, 0x000000074f700000, 0x000000074f700000|100%| E|CS|TAMS 0x000000074f600000, 0x000000074f600000| Complete 
| 247|0x000000074f700000, 0x000000074f800000, 0x000000074f800000|100%| E|CS|TAMS 0x000000074f700000, 0x000000074f700000| Complete 
| 248|0x000000074f800000, 0x000000074f900000, 0x000000074f900000|100%| E|CS|TAMS 0x000000074f800000, 0x000000074f800000| Complete 
| 249|0x000000074f900000, 0x000000074fa00000, 0x000000074fa00000|100%| E|CS|TAMS 0x000000074f900000, 0x000000074f900000| Complete 
| 250|0x000000074fa00000, 0x000000074fb00000, 0x000000074fb00000|100%| E|CS|TAMS 0x000000074fa00000, 0x000000074fa00000| Complete 
| 251|0x000000074fb00000, 0x000000074fc00000, 0x000000074fc00000|100%| E|CS|TAMS 0x000000074fb00000, 0x000000074fb00000| Complete 
| 252|0x000000074fc00000, 0x000000074fd00000, 0x000000074fd00000|100%| E|CS|TAMS 0x000000074fc00000, 0x000000074fc00000| Complete 
| 253|0x000000074fd00000, 0x000000074fe00000, 0x000000074fe00000|100%| E|CS|TAMS 0x000000074fd00000, 0x000000074fd00000| Complete 
| 254|0x000000074fe00000, 0x000000074ff00000, 0x000000074ff00000|100%| E|CS|TAMS 0x000000074fe00000, 0x000000074fe00000| Complete 
| 255|0x000000074ff00000, 0x0000000750000000, 0x0000000750000000|100%| E|CS|TAMS 0x000000074ff00000, 0x000000074ff00000| Complete 
| 256|0x0000000750000000, 0x0000000750100000, 0x0000000750100000|100%| E|CS|TAMS 0x0000000750000000, 0x0000000750000000| Complete 

Card table byte_map: [0x0000019665c50000,0x0000019666250000] _byte_map_base: 0x0000019662250000

Marking Bits (Prev, Next): (CMBitMap*) 0x000001962cff3f40, (CMBitMap*) 0x000001962cff3f08
 Prev Bits: [0x0000019669850000, 0x000001966c850000)
 Next Bits: [0x0000019666850000, 0x0000019669850000)

Polling page: 0x0000019605d20000

Metaspace:

Usage:
  Non-class:     83.04 MB capacity,    82.43 MB (>99%) used,   460.67 KB ( <1%) free+waste,   167.44 KB ( <1%) overhead. 
      Class:     12.85 MB capacity,    12.44 MB ( 97%) used,   343.80 KB (  3%) free+waste,    72.88 KB ( <1%) overhead. 
       Both:     95.89 MB capacity,    94.87 MB ( 99%) used,   804.48 KB ( <1%) free+waste,   240.31 KB ( <1%) overhead. 

Virtual space:
  Non-class space:       86.00 MB reserved,      85.58 MB (>99%) committed 
      Class space:        1.00 GB reserved,      14.20 MB (  1%) committed 
             Both:        1.08 GB reserved,      99.78 MB (  9%) committed 

Chunk freelists:
   Non-Class:  2.35 MB
       Class:  1.25 MB
        Both:  3.60 MB

MaxMetaspaceSize: 17179869184.00 GB
CompressedClassSpaceSize: 1.00 GB

CodeHeap 'non-profiled nmethods': size=120064Kb used=18937Kb max_used=19396Kb free=101126Kb
 bounds [0x000001965e110000, 0x000001965f410000, 0x0000019665650000]
CodeHeap 'profiled nmethods': size=120000Kb used=43668Kb max_used=44885Kb free=76331Kb
 bounds [0x0000019656be0000, 0x00000196597f0000, 0x000001965e110000]
CodeHeap 'non-nmethods': size=5696Kb used=1671Kb max_used=1730Kb free=4024Kb
 bounds [0x0000019656650000, 0x00000196568c0000, 0x0000019656be0000]
 total_blobs=18350 nmethods=17108 adapters=1148
 compilation: enabled
              stopped_count=0, restarted_count=0
 full_count=0

Compilation events (20 events):
Event: 11301.287 Thread 0x000001962da6e800 nmethod 21769 0x0000019657bd3790 code [0x0000019657bd3980, 0x0000019657bd3d98]
Event: 11301.305 Thread 0x000001962da6e800 21771       3       java.lang.Long::valueOf (40 bytes)
Event: 11301.305 Thread 0x000001962da6e800 nmethod 21771 0x0000019657ba4890 code [0x0000019657ba4a60, 0x0000019657ba4d98]
Event: 11301.332 Thread 0x000001962da6e800 21772       3       javax.swing.JComponent::paintImmediately (155 bytes)
Event: 11301.336 Thread 0x000001962da6e800 nmethod 21772 0x00000196585ffb10 code [0x00000196585ffdc0, 0x0000019658600ed8]
Event: 11301.346 Thread 0x000001962da6a000 nmethod 21761 0x000001965ec5f090 code [0x000001965ec5f400, 0x000001965ec61f88]
Event: 11301.346 Thread 0x000001962da6a000 21770       4       java.awt.image.DataBuffer::<init> (40 bytes)
Event: 11301.350 Thread 0x000001962da6a000 nmethod 21770 0x000001965e8d6610 code [0x000001965e8d67c0, 0x000001965e8d6bb8]
Event: 11301.350 Thread 0x000001962da6a000 21762       4       ui.utils.swing.s.r::isVisible (23 bytes)
Event: 11301.351 Thread 0x000001962da6a000 nmethod 21762 0x000001965e976810 code [0x000001965e9769a0, 0x000001965e976a58]
Event: 11302.199 Thread 0x000001962da6a000 21773 % !   4       com.sun.imageio.plugins.png.PNGImageReader::decodePass @ 1130 (1403 bytes)
Event: 11302.241 Thread 0x000001962da6e800 21776       3       ui.views.V.a.bg::b (23 bytes)
Event: 11302.242 Thread 0x000001962da6e800 nmethod 21776 0x0000019657bd8610 code [0x0000019657bd8800, 0x0000019657bd8a88]
Event: 11302.242 Thread 0x000001962da6e800 21777       3       ui.views.V.a.bg::kBp (5 bytes)
Event: 11302.242 Thread 0x000001962da6e800 nmethod 21777 0x00000196579be310 code [0x00000196579be4c0, 0x00000196579be5e8]
Event: 11302.379 Thread 0x000001962da6a000 nmethod 21773% 0x000001965ec72210 code [0x000001965ec724c0, 0x000001965ec76848]
Event: 11302.379 Thread 0x000001962da6a000 21775       4       sun.java2d.SunGraphics2D::constrain (216 bytes)
Event: 11302.391 Thread 0x000001962da6a000 nmethod 21775 0x000001965eb37690 code [0x000001965eb378c0, 0x000001965eb38390]
Event: 11302.391 Thread 0x000001962da6a000 21774       4       com.sun.imageio.plugins.common.ReaderUtil::computeUpdatedPixels (184 bytes)
Event: 11302.404 Thread 0x000001962da6a000 nmethod 21774 0x000001965ea24290 code [0x000001965ea24440, 0x000001965ea24b98]

GC Heap History (20 events):
Event: 11015.672 GC heap before
{Heap before GC invocations=111 (full 6):
 garbage-first heap   total 263168K, used 160932K [0x0000000740000000, 0x0000000800000000)
  region size 1024K, 60 young (61440K), 3 survivors (3072K)
 Metaspace       used 96400K, capacity 97452K, committed 101280K, reserved 1136640K
  class space    used 12697K, capacity 13115K, committed 14412K, reserved 1048576K
}
Event: 11015.678 GC heap after
{Heap after GC invocations=112 (full 6):
 garbage-first heap   total 263168K, used 102940K [0x0000000740000000, 0x0000000800000000)
  region size 1024K, 4 young (4096K), 4 survivors (4096K)
 Metaspace       used 96400K, capacity 97452K, committed 101280K, reserved 1136640K
  class space    used 12697K, capacity 13115K, committed 14412K, reserved 1048576K
}
Event: 11017.535 GC heap before
{Heap before GC invocations=112 (full 6):
 garbage-first heap   total 263168K, used 160284K [0x0000000740000000, 0x0000000800000000)
  region size 1024K, 60 young (61440K), 4 survivors (4096K)
 Metaspace       used 96426K, capacity 97464K, committed 101280K, reserved 1136640K
  class space    used 12699K, capacity 13117K, committed 14412K, reserved 1048576K
}
Event: 11017.540 GC heap after
{Heap after GC invocations=113 (full 6):
 garbage-first heap   total 263168K, used 103032K [0x0000000740000000, 0x0000000800000000)
  region size 1024K, 4 young (4096K), 4 survivors (4096K)
 Metaspace       used 96426K, capacity 97464K, committed 101280K, reserved 1136640K
  class space    used 12699K, capacity 13117K, committed 14412K, reserved 1048576K
}
Event: 11025.567 GC heap before
{Heap before GC invocations=113 (full 6):
 garbage-first heap   total 263168K, used 160376K [0x0000000740000000, 0x0000000800000000)
  region size 1024K, 60 young (61440K), 4 survivors (4096K)
 Metaspace       used 96445K, capacity 97464K, committed 101280K, reserved 1136640K
  class space    used 12699K, capacity 13117K, committed 14412K, reserved 1048576K
}
Event: 11025.573 GC heap after
{Heap after GC invocations=114 (full 6):
 garbage-first heap   total 263168K, used 103125K [0x0000000740000000, 0x0000000800000000)
  region size 1024K, 4 young (4096K), 4 survivors (4096K)
 Metaspace       used 96445K, capacity 97464K, committed 101280K, reserved 1136640K
  class space    used 12699K, capacity 13117K, committed 14412K, reserved 1048576K
}
Event: 11077.351 GC heap before
{Heap before GC invocations=114 (full 6):
 garbage-first heap   total 263168K, used 160469K [0x0000000740000000, 0x0000000800000000)
  region size 1024K, 61 young (62464K), 4 survivors (4096K)
 Metaspace       used 96501K, capacity 97556K, committed 101280K, reserved 1136640K
  class space    used 12699K, capacity 13117K, committed 14412K, reserved 1048576K
}
Event: 11077.358 GC heap after
{Heap after GC invocations=115 (full 6):
 garbage-first heap   total 263168K, used 103714K [0x0000000740000000, 0x0000000800000000)
  region size 1024K, 4 young (4096K), 4 survivors (4096K)
 Metaspace       used 96501K, capacity 97556K, committed 101280K, reserved 1136640K
  class space    used 12699K, capacity 13117K, committed 14412K, reserved 1048576K
}
Event: 11200.529 GC heap before
{Heap before GC invocations=115 (full 6):
 garbage-first heap   total 263168K, used 161058K [0x0000000740000000, 0x0000000800000000)
  region size 1024K, 60 young (61440K), 4 survivors (4096K)
 Metaspace       used 96517K, capacity 97556K, committed 101280K, reserved 1136640K
  class space    used 12699K, capacity 13117K, committed 14412K, reserved 1048576K
}
Event: 11200.537 GC heap after
{Heap after GC invocations=116 (full 6):
 garbage-first heap   total 263168K, used 103772K [0x0000000740000000, 0x0000000800000000)
  region size 1024K, 4 young (4096K), 4 survivors (4096K)
 Metaspace       used 96517K, capacity 97556K, committed 101280K, reserved 1136640K
  class space    used 12699K, capacity 13117K, committed 14412K, reserved 1048576K
}
Event: 11226.751 GC heap before
{Heap before GC invocations=116 (full 6):
 garbage-first heap   total 263168K, used 161116K [0x0000000740000000, 0x0000000800000000)
  region size 1024K, 60 young (61440K), 4 survivors (4096K)
 Metaspace       used 96530K, capacity 97556K, committed 101280K, reserved 1136640K
  class space    used 12699K, capacity 13117K, committed 14412K, reserved 1048576K
}
Event: 11226.757 GC heap after
{Heap after GC invocations=117 (full 6):
 garbage-first heap   total 263168K, used 103667K [0x0000000740000000, 0x0000000800000000)
  region size 1024K, 4 young (4096K), 4 survivors (4096K)
 Metaspace       used 96530K, capacity 97556K, committed 101280K, reserved 1136640K
  class space    used 12699K, capacity 13117K, committed 14412K, reserved 1048576K
}
Event: 11235.420 GC heap before
{Heap before GC invocations=117 (full 6):
 garbage-first heap   total 263168K, used 161011K [0x0000000740000000, 0x0000000800000000)
  region size 1024K, 60 young (61440K), 4 survivors (4096K)
 Metaspace       used 96874K, capacity 97925K, committed 101920K, reserved 1136640K
  class space    used 12723K, capacity 13155K, committed 14540K, reserved 1048576K
}
Event: 11235.426 GC heap after
{Heap after GC invocations=118 (full 6):
 garbage-first heap   total 263168K, used 103698K [0x0000000740000000, 0x0000000800000000)
  region size 1024K, 4 young (4096K), 4 survivors (4096K)
 Metaspace       used 96874K, capacity 97925K, committed 101920K, reserved 1136640K
  class space    used 12723K, capacity 13155K, committed 14540K, reserved 1048576K
}
Event: 11254.504 GC heap before
{Heap before GC invocations=118 (full 6):
 garbage-first heap   total 263168K, used 161042K [0x0000000740000000, 0x0000000800000000)
  region size 1024K, 60 young (61440K), 4 survivors (4096K)
 Metaspace       used 96955K, capacity 98054K, committed 101920K, reserved 1136640K
  class space    used 12723K, capacity 13155K, committed 14540K, reserved 1048576K
}
Event: 11254.509 GC heap after
{Heap after GC invocations=119 (full 6):
 garbage-first heap   total 263168K, used 103608K [0x0000000740000000, 0x0000000800000000)
  region size 1024K, 4 young (4096K), 4 survivors (4096K)
 Metaspace       used 96955K, capacity 98054K, committed 101920K, reserved 1136640K
  class space    used 12723K, capacity 13155K, committed 14540K, reserved 1048576K
}
Event: 11270.057 GC heap before
{Heap before GC invocations=119 (full 6):
 garbage-first heap   total 263168K, used 160952K [0x0000000740000000, 0x0000000800000000)
  region size 1024K, 60 young (61440K), 4 survivors (4096K)
 Metaspace       used 97002K, capacity 98055K, committed 101920K, reserved 1136640K
  class space    used 12723K, capacity 13155K, committed 14540K, reserved 1048576K
}
Event: 11270.062 GC heap after
{Heap after GC invocations=120 (full 6):
 garbage-first heap   total 263168K, used 103715K [0x0000000740000000, 0x0000000800000000)
  region size 1024K, 3 young (3072K), 3 survivors (3072K)
 Metaspace       used 97002K, capacity 98055K, committed 101920K, reserved 1136640K
  class space    used 12723K, capacity 13155K, committed 14540K, reserved 1048576K
}
Event: 11292.507 GC heap before
{Heap before GC invocations=120 (full 6):
 garbage-first heap   total 263168K, used 162083K [0x0000000740000000, 0x0000000800000000)
  region size 1024K, 60 young (61440K), 3 survivors (3072K)
 Metaspace       used 97100K, capacity 98124K, committed 101920K, reserved 1136640K
  class space    used 12738K, capacity 13155K, committed 14540K, reserved 1048576K
}
Event: 11292.517 GC heap after
{Heap after GC invocations=121 (full 6):
 garbage-first heap   total 263168K, used 103761K [0x0000000740000000, 0x0000000800000000)
  region size 1024K, 3 young (3072K), 3 survivors (3072K)
 Metaspace       used 97100K, capacity 98124K, committed 101920K, reserved 1136640K
  class space    used 12738K, capacity 13155K, committed 14540K, reserved 1048576K
}

Deoptimization events (20 events):
Event: 11302.194 Thread 0x0000019672d3d800 Uncommon trap: trap_request=0xffffffde fr.pc=0x000001965f35f35c relative=0x000000000000079c
Event: 11302.194 Thread 0x0000019672d3d800 Uncommon trap: reason=class_check action=maybe_recompile pc=0x000001965f35f35c method=javax.swing.plaf.synth.SynthButtonUI.getComponentState(Ljavax/swing/JComponent;)I @ 48 c2
Event: 11302.194 Thread 0x0000019672d3d800 DEOPT PACKING pc=0x000001965f35f35c sp=0x00000083018f9e60
Event: 11302.194 Thread 0x0000019672d3d800 DEOPT UNPACKING pc=0x00000196566768af sp=0x00000083018f9e18 mode 2
Event: 11302.238 Thread 0x0000019672d3d800 Uncommon trap: trap_request=0xffffffde fr.pc=0x000001965f35f35c relative=0x000000000000079c
Event: 11302.238 Thread 0x0000019672d3d800 Uncommon trap: reason=class_check action=maybe_recompile pc=0x000001965f35f35c method=javax.swing.plaf.synth.SynthButtonUI.getComponentState(Ljavax/swing/JComponent;)I @ 48 c2
Event: 11302.238 Thread 0x0000019672d3d800 DEOPT PACKING pc=0x000001965f35f35c sp=0x00000083018fa4e0
Event: 11302.238 Thread 0x0000019672d3d800 DEOPT UNPACKING pc=0x00000196566768af sp=0x00000083018fa498 mode 2
Event: 11302.254 Thread 0x0000019611b6b800 Uncommon trap: trap_request=0xffffff4d fr.pc=0x000001965f05c6dc relative=0x000000000000289c
Event: 11302.254 Thread 0x0000019611b6b800 Uncommon trap: reason=unstable_if action=reinterpret pc=0x000001965f05c6dc method=de.javasoft.plaf.synthetica.painter.AnimationThreadFactory$AnimationThread.run()V @ 570 c2
Event: 11302.254 Thread 0x0000019611b6b800 DEOPT PACKING pc=0x000001965f05c6dc sp=0x0000008306aff4c0
Event: 11302.254 Thread 0x0000019611b6b800 DEOPT UNPACKING pc=0x00000196566768af sp=0x0000008306aff4b0 mode 2
Event: 11302.582 Thread 0x0000019672d3d800 Uncommon trap: trap_request=0xffffffc6 fr.pc=0x000001965f33e95c relative=0x000000000000153c
Event: 11302.582 Thread 0x0000019672d3d800 Uncommon trap: reason=bimorphic_or_optimized_type_check action=maybe_recompile pc=0x000001965f33e95c method=com.jidesoft.plaf.basic.BasicJideTabbedPaneUI.tabForCoordinate(Ljavax/swing/JTabbedPane;II)I @ 274 c2
Event: 11302.582 Thread 0x0000019672d3d800 DEOPT PACKING pc=0x000001965f33e95c sp=0x00000083018fb090
Event: 11302.582 Thread 0x0000019672d3d800 DEOPT UNPACKING pc=0x00000196566768af sp=0x00000083018fb048 mode 2
Event: 11302.582 Thread 0x0000019672d3d800 Uncommon trap: trap_request=0xffffffc6 fr.pc=0x000001965f33e95c relative=0x000000000000153c
Event: 11302.582 Thread 0x0000019672d3d800 Uncommon trap: reason=bimorphic_or_optimized_type_check action=maybe_recompile pc=0x000001965f33e95c method=com.jidesoft.plaf.basic.BasicJideTabbedPaneUI.tabForCoordinate(Ljavax/swing/JTabbedPane;II)I @ 274 c2
Event: 11302.582 Thread 0x0000019672d3d800 DEOPT PACKING pc=0x000001965f33e95c sp=0x00000083018fb1b0
Event: 11302.582 Thread 0x0000019672d3d800 DEOPT UNPACKING pc=0x00000196566768af sp=0x00000083018fb148 mode 2

Classes redefined (0 events):
No events

Internal exceptions (20 events):
Event: 11256.271 Thread 0x0000019672d3d800 Exception <a 'java/io/FileNotFoundException'{0x000000074f34c050}> (0x000000074f34c050) thrown at [./src/hotspot/share/prims/jni.cpp, line 615]
Event: 11261.274 Thread 0x0000019672d3d800 Exception <a 'java/io/FileNotFoundException'{0x000000074e7aa340}> (0x000000074e7aa340) thrown at [./src/hotspot/share/prims/jni.cpp, line 615]
Event: 11261.274 Thread 0x0000019672d3d800 Exception <a 'java/io/FileNotFoundException'{0x000000074e7aaaf0}> (0x000000074e7aaaf0) thrown at [./src/hotspot/share/prims/jni.cpp, line 615]
Event: 11266.285 Thread 0x0000019672d3d800 Exception <a 'java/io/FileNotFoundException'{0x000000074d33b108}> (0x000000074d33b108) thrown at [./src/hotspot/share/prims/jni.cpp, line 615]
Event: 11266.285 Thread 0x0000019672d3d800 Exception <a 'java/io/FileNotFoundException'{0x000000074d33b8b8}> (0x000000074d33b8b8) thrown at [./src/hotspot/share/prims/jni.cpp, line 615]
Event: 11271.272 Thread 0x0000019672d3d800 Exception <a 'java/io/FileNotFoundException'{0x000000074fb0e6e8}> (0x000000074fb0e6e8) thrown at [./src/hotspot/share/prims/jni.cpp, line 615]
Event: 11271.272 Thread 0x0000019672d3d800 Exception <a 'java/io/FileNotFoundException'{0x000000074fb0ee98}> (0x000000074fb0ee98) thrown at [./src/hotspot/share/prims/jni.cpp, line 615]
Event: 11276.273 Thread 0x0000019672d3d800 Exception <a 'java/io/FileNotFoundException'{0x000000074f2466f0}> (0x000000074f2466f0) thrown at [./src/hotspot/share/prims/jni.cpp, line 615]
Event: 11276.273 Thread 0x0000019672d3d800 Exception <a 'java/io/FileNotFoundException'{0x000000074f246ea0}> (0x000000074f246ea0) thrown at [./src/hotspot/share/prims/jni.cpp, line 615]
Event: 11281.273 Thread 0x0000019672d3d800 Exception <a 'java/io/FileNotFoundException'{0x000000074eb5c738}> (0x000000074eb5c738) thrown at [./src/hotspot/share/prims/jni.cpp, line 615]
Event: 11281.273 Thread 0x0000019672d3d800 Exception <a 'java/io/FileNotFoundException'{0x000000074eb5cee8}> (0x000000074eb5cee8) thrown at [./src/hotspot/share/prims/jni.cpp, line 615]
Event: 11286.273 Thread 0x0000019672d3d800 Exception <a 'java/io/FileNotFoundException'{0x000000074db61738}> (0x000000074db61738) thrown at [./src/hotspot/share/prims/jni.cpp, line 615]
Event: 11286.274 Thread 0x0000019672d3d800 Exception <a 'java/io/FileNotFoundException'{0x000000074db61ee8}> (0x000000074db61ee8) thrown at [./src/hotspot/share/prims/jni.cpp, line 615]
Event: 11291.274 Thread 0x0000019672d3d800 Exception <a 'java/io/FileNotFoundException'{0x000000074ce78ad8}> (0x000000074ce78ad8) thrown at [./src/hotspot/share/prims/jni.cpp, line 615]
Event: 11291.274 Thread 0x0000019672d3d800 Exception <a 'java/io/FileNotFoundException'{0x000000074ce79288}> (0x000000074ce79288) thrown at [./src/hotspot/share/prims/jni.cpp, line 615]
Event: 11296.292 Thread 0x0000019672d3d800 Exception <a 'java/io/FileNotFoundException'{0x000000074f8a1068}> (0x000000074f8a1068) thrown at [./src/hotspot/share/prims/jni.cpp, line 615]
Event: 11296.292 Thread 0x0000019672d3d800 Exception <a 'java/io/FileNotFoundException'{0x000000074f8a1818}> (0x000000074f8a1818) thrown at [./src/hotspot/share/prims/jni.cpp, line 615]
Event: 11300.774 Thread 0x0000019672d3d800 Implicit null exception at 0x000001965ef23506 to 0x000001965ef2538c
Event: 11301.296 Thread 0x0000019672d3d800 Exception <a 'java/io/FileNotFoundException'{0x000000074e7ed1a8}> (0x000000074e7ed1a8) thrown at [./src/hotspot/share/prims/jni.cpp, line 615]
Event: 11301.296 Thread 0x0000019672d3d800 Exception <a 'java/io/FileNotFoundException'{0x000000074e7ed958}> (0x000000074e7ed958) thrown at [./src/hotspot/share/prims/jni.cpp, line 615]

Events (20 events):
Event: 11300.735 loading class ui/utils/swing/v/t
Event: 11300.735 loading class ui/utils/swing/v/t done
Event: 11300.744 loading class de/javasoft/plaf/synthetica/painter/RadioButtonPainter
Event: 11300.744 loading class de/javasoft/plaf/synthetica/painter/RadioButtonPainter done
Event: 11300.814 Thread 0x00000196021f0000 Thread added: 0x00000196021f0000
Event: 11300.941 Thread 0x00000196021ea800 Thread added: 0x00000196021ea800
Event: 11300.954 Thread 0x00000196021ea800 Thread exited: 0x00000196021ea800
Event: 11301.941 Thread 0x00000196021ea800 Thread added: 0x00000196021ea800
Event: 11301.952 Thread 0x00000196021ea800 Thread exited: 0x00000196021ea800
Event: 11302.742 Thread 0x00000196021ea800 Thread added: 0x00000196021ea800
Event: 11302.744 Thread 0x00000196021f4000 Thread added: 0x00000196021f4000
Event: 11302.744 Thread 0x00000196021f5000 Thread added: 0x00000196021f5000
Event: 11302.744 Thread 0x00000196021f6800 Thread added: 0x00000196021f6800
Event: 11302.744 Thread 0x00000196021f1000 Thread added: 0x00000196021f1000
Event: 11302.744 Thread 0x00000196021f1800 Thread added: 0x00000196021f1800
Event: 11302.745 Thread 0x00000196021f6000 Thread added: 0x00000196021f6000
Event: 11302.745 Thread 0x00000196021f7800 Thread added: 0x00000196021f7800
Event: 11302.778 Executing VM operation: RevokeBias
Event: 11302.830 Executing VM operation: RevokeBias done
Event: 11302.830 Thread 0x00000196021f4000 Thread exited: 0x00000196021f4000


Dynamic libraries:
0x00007ff7e23a0000 - 0x00007ff7e23d1000 	C:\Xilinx\Vivado\2022.1\bin\unwrapped\win64.o\vivado.exe
0x00007ff8fa430000 - 0x00007ff8fa644000 	C:\WINDOWS\SYSTEM32\ntdll.dll
0x00007ff8f8f30000 - 0x00007ff8f8ff3000 	C:\WINDOWS\System32\KERNEL32.DLL
0x00007ff8f7ba0000 - 0x00007ff8f7f3c000 	C:\WINDOWS\System32\KERNELBASE.dll
0x00007ff8f7f40000 - 0x00007ff8f8051000 	C:\WINDOWS\System32\ucrtbase.dll
0x00007ff8eeb60000 - 0x00007ff8eeb7b000 	C:\WINDOWS\SYSTEM32\VCRUNTIME140.dll
0x00007ff8e4a90000 - 0x00007ff8e4b1e000 	C:\WINDOWS\SYSTEM32\MSVCP140.dll
0x00007ff8e4c30000 - 0x00007ff8e4c48000 	C:\Xilinx\Vivado\2022.1\lib\win64.o\librdi_commonmain.dll
0x00007ff8eeb50000 - 0x00007ff8eeb5c000 	C:\WINDOWS\SYSTEM32\VCRUNTIME140_1.dll
0x00007ff8dd940000 - 0x00007ff8dd961000 	C:\Xilinx\Vivado\2022.1\lib\win64.o\libboost_filesystem.dll
0x00007ff8fa050000 - 0x00007ff8fa0fe000 	C:\WINDOWS\System32\ADVAPI32.dll
0x00007ff8f85e0000 - 0x00007ff8f8687000 	C:\WINDOWS\System32\msvcrt.dll
0x00007ff8e4800000 - 0x00007ff8e4809000 	C:\Xilinx\Vivado\2022.1\lib\win64.o\librdi_commonversion.dll
0x00007ff8f8e80000 - 0x00007ff8f8f24000 	C:\WINDOWS\System32\sechost.dll
0x00007ff8f90a0000 - 0x00007ff8f91b5000 	C:\WINDOWS\System32\RPCRT4.dll
0x0000000065070000 - 0x000000006519b000 	C:\Xilinx\Vivado\2022.1\lib\win64.o\tcl85t.dll
0x00007ff8d9540000 - 0x00007ff8d96f5000 	C:\Xilinx\Vivado\2022.1\lib\win64.o\librdi_commonxillic.dll
0x00007ff8f83f0000 - 0x00007ff8f859d000 	C:\WINDOWS\System32\USER32.dll
0x00007ff8f9750000 - 0x00007ff8f97c1000 	C:\WINDOWS\System32\WS2_32.dll
0x00007ff8f8210000 - 0x00007ff8f8236000 	C:\WINDOWS\System32\win32u.dll
0x00007ff8f83c0000 - 0x00007ff8f83e9000 	C:\WINDOWS\System32\GDI32.dll
0x00007ff8abd10000 - 0x00007ff8ad09c000 	C:\Xilinx\Vivado\2022.1\lib\win64.o\librdi_common.dll
0x00007ff8f7910000 - 0x00007ff8f7a22000 	C:\WINDOWS\System32\gdi32full.dll
0x00007ff8f7870000 - 0x00007ff8f790a000 	C:\WINDOWS\System32\msvcp_win.dll
0x00007ff8f8690000 - 0x00007ff8f8e7f000 	C:\WINDOWS\System32\SHELL32.dll
0x00007ff8f7230000 - 0x00007ff8f7258000 	C:\WINDOWS\SYSTEM32\bcrypt.dll
0x00007ff8bf810000 - 0x00007ff8bfb26000 	C:\Xilinx\Vivado\2022.1\lib\win64.o\libXil_lmgr11.dll
0x00007ff8f82a0000 - 0x00007ff8f8397000 	C:\WINDOWS\System32\COMDLG32.dll
0x00007ff8d9420000 - 0x00007ff8d9534000 	C:\Xilinx\Vivado\2022.1\lib\win64.o\libboost_regex.dll
0x00007ff8f9860000 - 0x00007ff8f9bea000 	C:\WINDOWS\System32\combase.dll
0x00007ff8f9650000 - 0x00007ff8f9741000 	C:\WINDOWS\System32\shcore.dll
0x00007ff8aa700000 - 0x00007ff8aaa6e000 	C:\Xilinx\Vivado\2022.1\lib\win64.o\libCOIN-all.dll
0x00007ff8f8240000 - 0x00007ff8f829e000 	C:\WINDOWS\System32\SHLWAPI.dll
0x00007ff8fa150000 - 0x00007ff8fa227000 	C:\WINDOWS\System32\OLEAUT32.dll
0x00007ff8f9da0000 - 0x00007ff8f9f3c000 	C:\WINDOWS\System32\ole32.dll
0x00007ff8e47a0000 - 0x00007ff8e47b1000 	C:\Xilinx\Vivado\2022.1\lib\win64.o\libboost_date_time.dll
0x00007ff8f8060000 - 0x00007ff8f80cb000 	C:\WINDOWS\System32\WINTRUST.dll
0x00007ff8d9740000 - 0x00007ff8d97b9000 	C:\Xilinx\Vivado\2022.1\lib\win64.o\libboost_program_options.dll
0x00007ff8f7a30000 - 0x00007ff8f7b96000 	C:\WINDOWS\System32\CRYPT32.dll
0x00007ff8ded00000 - 0x00007ff8ded1c000 	C:\Xilinx\Vivado\2022.1\lib\win64.o\libboost_thread.dll
0x00007ff8e47f0000 - 0x00007ff8e47fc000 	C:\Xilinx\Vivado\2022.1\lib\win64.o\libboost_xilinx.dll
0x00007ff8d9390000 - 0x00007ff8d9412000 	C:\Xilinx\Vivado\2022.1\lib\win64.o\libhdlpsolve.dll
0x00007ff8da190000 - 0x00007ff8da1ba000 	C:\Xilinx\Vivado\2022.1\lib\win64.o\libisl_sysinfo.dll
0x00007ff8d92e0000 - 0x00007ff8d9385000 	C:\Xilinx\Vivado\2022.1\lib\win64.o\libhdxml.dll
0x00007ff8d9c90000 - 0x00007ff8d9cf5000 	C:\Xilinx\Vivado\2022.1\lib\win64.o\liblmx6.0.dll
0x00007ff8d9b60000 - 0x00007ff8d9b7a000 	C:\Xilinx\Vivado\2022.1\lib\win64.o\pthreadVC2.dll
0x00007ff8d9b40000 - 0x00007ff8d9b5c000 	C:\Xilinx\Vivado\2022.1\lib\win64.o\librdiconfig.dll
0x00007ff8aaa70000 - 0x00007ff8ab8b5000 	C:\Xilinx\Vivado\2022.1\lib\win64.o\libisl_iostreams.dll
0x00007ff8d92b0000 - 0x00007ff8d92d1000 	C:\Xilinx\Vivado\2022.1\lib\win64.o\librdizlib.dll
0x00007ff8ed530000 - 0x00007ff8ed549000 	C:\WINDOWS\SYSTEM32\NETAPI32.dll
0x00007ff8de1a0000 - 0x00007ff8de694000 	C:\WINDOWS\SYSTEM32\WININET.dll
0x00007ff8f1c30000 - 0x00007ff8f1d5f000 	C:\WINDOWS\SYSTEM32\WINHTTP.dll
0x00007ff8dc3d0000 - 0x00007ff8dc5c0000 	C:\WINDOWS\SYSTEM32\urlmon.dll
0x00007ff8aa430000 - 0x00007ff8aa6f1000 	C:\Xilinx\Vivado\2022.1\lib\win64.o\xerces-c_3_2.dll
0x00007ff8e23c0000 - 0x00007ff8e23c9000 	C:\WINDOWS\SYSTEM32\WSOCK32.dll
0x00007ff8d9270000 - 0x00007ff8d92a1000 	C:\WINDOWS\SYSTEM32\VCOMP140.DLL
0x00007ff8c3100000 - 0x00007ff8c31b3000 	C:\WINDOWS\WinSxS\amd64_microsoft.windows.common-controls_6595b64144ccf1df_5.82.22621.608_none_fb280a3c7926c2cc\COMCTL32.dll
0x00007ff8a8510000 - 0x00007ff8aa427000 	C:\Xilinx\Vivado\2022.1\lib\win64.o\gurobi90.dll
0x00007ff8f97d0000 - 0x00007ff8f982e000 	C:\WINDOWS\System32\WLDAP32.dll
0x00007ff8f9850000 - 0x00007ff8f9858000 	C:\WINDOWS\System32\Normaliz.dll
0x00007ff8efd70000 - 0x00007ff8efd8f000 	C:\WINDOWS\SYSTEM32\dhcpcsvc.DLL
0x00007ff8f6f10000 - 0x00007ff8f6f38000 	C:\WINDOWS\SYSTEM32\USERENV.dll
0x00007ff8dc3a0000 - 0x00007ff8dc3c8000 	C:\WINDOWS\SYSTEM32\srvcli.dll
0x00007ff8d9970000 - 0x00007ff8d9988000 	C:\Xilinx\Vivado\2022.1\lib\win64.o\libboost_iostreams.dll
0x00007ff8e0c70000 - 0x00007ff8e0f21000 	C:\WINDOWS\SYSTEM32\iertutil.dll
0x00007ff8d80a0000 - 0x00007ff8d80c4000 	C:\Xilinx\Vivado\2022.1\lib\win64.o\libisl_iosutils.dll
0x00007ff8f63a0000 - 0x00007ff8f63ac000 	C:\WINDOWS\SYSTEM32\netutils.dll
0x00007ff8f6e20000 - 0x00007ff8f6e89000 	C:\WINDOWS\SYSTEM32\MSWSOCK.DLL
0x00007ff8f85a0000 - 0x00007ff8f85d2000 	C:\WINDOWS\System32\IMM32.DLL
0x00007ff8f70d0000 - 0x00007ff8f70e2000 	C:\WINDOWS\SYSTEM32\MSASN1.dll
0x00007ff8f6960000 - 0x00007ff8f6978000 	C:\WINDOWS\SYSTEM32\kernel.appcore.dll
0x00007ff8a7fd0000 - 0x00007ff8a8502000 	C:\Xilinx\Vivado\2022.1\lib\win64.o\librdi_commontasks.dll
0x00007ff8a7150000 - 0x00007ff8a7475c00 	C:\Xilinx\Vivado\2022.1\lib\win64.o\librdi_sio.dll
0x00007ff8f0d60000 - 0x00007ff8f0d6a000 	C:\WINDOWS\SYSTEM32\VERSION.dll
0x00007ff8f6420000 - 0x00007ff8f644d000 	C:\WINDOWS\SYSTEM32\IPHLPAPI.DLL
0x00007ff8a7480000 - 0x00007ff8a7fcd000 	C:\Xilinx\Vivado\2022.1\tps\win64\jre11.0.11_9\bin\server\jvm.dll
0x00007ff8f91c0000 - 0x00007ff8f91c8000 	C:\WINDOWS\System32\PSAPI.DLL
0x00007ff8ef750000 - 0x00007ff8ef784000 	C:\WINDOWS\SYSTEM32\WINMM.dll
0x00007ff8f6c00000 - 0x00007ff8f6c42000 	C:\WINDOWS\SYSTEM32\SspiCli.dll
0x00007ff8c94c0000 - 0x00007ff8c94d7000 	C:\WINDOWS\system32\napinsp.dll
0x00007ff8c94a0000 - 0x00007ff8c94bb000 	C:\WINDOWS\system32\pnrpnsp.dll
0x00007ff8f6490000 - 0x00007ff8f6583000 	C:\WINDOWS\SYSTEM32\DNSAPI.dll
0x00007ff8f9bf0000 - 0x00007ff8f9bf9000 	C:\WINDOWS\System32\NSI.dll
0x00007ff8c9480000 - 0x00007ff8c9491000 	C:\WINDOWS\System32\winrnr.dll
0x00007ff8d17a0000 - 0x00007ff8d17b5000 	C:\WINDOWS\system32\wshbth.dll
0x00007ff8c9450000 - 0x00007ff8c9471000 	C:\WINDOWS\system32\nlansp_c.dll
0x00007ff8f5890000 - 0x00007ff8f6158000 	C:\WINDOWS\SYSTEM32\windows.storage.dll
0x00007ff8f5750000 - 0x00007ff8f588e000 	C:\WINDOWS\SYSTEM32\wintypes.dll
0x00007ff8a4500000 - 0x00007ff8a7147000 	C:\Xilinx\Vivado\2022.1\lib\win64.o\librdi_tcltasks.dll
0x00007ff8d7a10000 - 0x00007ff8d7a54000 	C:\Xilinx\Vivado\2022.1\lib\win64.o\libboost_serialization.dll
0x00007ff8a4030000 - 0x00007ff8a44ff000 	C:\Xilinx\Vivado\2022.1\lib\win64.o\librdi_bitstream.dll
0x00007ff8d7990000 - 0x00007ff8d7a10000 	C:\Xilinx\Vivado\2022.1\lib\win64.o\librdi_boarddep.dll
0x00007ff8d0c70000 - 0x00007ff8d0d96000 	C:\Xilinx\Vivado\2022.1\lib\win64.o\librdi_chipscope.dll
0x00007ff8ad0f0000 - 0x00007ff8ad2e6000 	C:\Xilinx\Vivado\2022.1\lib\win64.o\librdi_chipscopeimpl.dll
0x00007ff8abba0000 - 0x00007ff8abd05000 	C:\Xilinx\Vivado\2022.1\lib\win64.o\librdi_containers.dll
0x00007ff8a1f90000 - 0x00007ff8a402d000 	C:\Xilinx\Vivado\2022.1\lib\win64.o\librdi_constraints.dll
0x00007ff89f2c0000 - 0x00007ff89f9e5000 	C:\Xilinx\Vivado\2022.1\lib\win64.o\librdi_coregenipxact.dll
0x00007ff89d2d0000 - 0x00007ff89f2ba000 	C:\Xilinx\Vivado\2022.1\lib\win64.o\librdi_designutils.dll
0x00007ff89f9f0000 - 0x00007ff8a1f8f000 	C:\Xilinx\Vivado\2022.1\lib\win64.o\librdi_coregen.dll
0x00007ff87ca10000 - 0x00007ff87cd8c000 	C:\Xilinx\Vivado\2022.1\lib\win64.o\librdi_dlyest.dll
0x00007ff87c350000 - 0x00007ff87ca0b000 	C:\Xilinx\Vivado\2022.1\lib\win64.o\librdi_drc.dll
0x00007ff8c9750000 - 0x00007ff8c9804000 	C:\Xilinx\Vivado\2022.1\lib\win64.o\librdi_dsp.dll
0x00007ff87bcc0000 - 0x00007ff87c34f000 	C:\Xilinx\Vivado\2022.1\lib\win64.o\librdi_filemgmt.dll
0x00007ff87b990000 - 0x00007ff87bcb6000 	C:\Xilinx\Vivado\2022.1\lib\win64.o\librdi_guitools.dll
0x00007ff8d7920000 - 0x00007ff8d7989000 	C:\Xilinx\Vivado\2022.1\lib\win64.o\librdi_hdf.dll
0x00007ff87b6d0000 - 0x00007ff87b987000 	C:\Xilinx\Vivado\2022.1\lib\win64.o\librdi_hip_devdesign.dll
0x00007ff87b580000 - 0x00007ff87b6c8000 	C:\Xilinx\Vivado\2022.1\lib\win64.o\librdi_hip_perf_analysis.dll
0x00007ff87a710000 - 0x00007ff87b578000 	C:\Xilinx\Vivado\2022.1\lib\win64.o\librdi_implflow.dll
0x00007ff879b60000 - 0x00007ff87a703000 	C:\Xilinx\Vivado\2022.1\lib\win64.o\librdi_ippcw.dll
0x00007ff879430000 - 0x00007ff879b60000 	C:\Xilinx\Vivado\2022.1\lib\win64.o\librdi_lopt.dll
0x00007ff878dd0000 - 0x00007ff879421000 	C:\Xilinx\Vivado\2022.1\lib\win64.o\librdi_memdata.dll
0x00007ff8ca240000 - 0x00007ff8ca2b4000 	C:\Xilinx\Vivado\2022.1\lib\win64.o\librdi_memoryarray.dll
0x00007ff876720000 - 0x00007ff878dc3000 	C:\Xilinx\Vivado\2022.1\lib\win64.o\librdi_mig.dll
0x00007ff875fc0000 - 0x00007ff87671f000 	C:\Xilinx\Vivado\2022.1\lib\win64.o\librdi_netlist.dll
0x00007ff8d4fc0000 - 0x00007ff8d5017000 	C:\Xilinx\Vivado\2022.1\lib\win64.o\librdi_pfi.dll
0x00007ff873040000 - 0x00007ff875fb9000 	C:\Xilinx\Vivado\2022.1\lib\win64.o\librdi_place.dll
0x00007ff872e70000 - 0x00007ff873031000 	C:\Xilinx\Vivado\2022.1\lib\win64.o\librdi_board.dll
0x00007ff872180000 - 0x00007ff872a3f000 	C:\Xilinx\Vivado\2022.1\lib\win64.o\librdi_power.dll
0x00007ff8712f0000 - 0x00007ff871a24000 	C:\Xilinx\Vivado\2022.1\lib\win64.o\librdi_psta.dll
0x00007ff871a30000 - 0x00007ff87217a000 	C:\Xilinx\Vivado\2022.1\lib\win64.o\librdi_project.dll
0x00007ff8709f0000 - 0x00007ff8712e9000 	C:\Xilinx\Vivado\2022.1\lib\win64.o\librdi_rsb.dll
0x00007ff870490000 - 0x00007ff8709ec000 	C:\Xilinx\Vivado\2022.1\lib\win64.o\librdi_runs.dll
0x00007ff870370000 - 0x00007ff870489000 	C:\Xilinx\Vivado\2022.1\lib\win64.o\librdi_runsbase.dll
0x00007ff8ca560000 - 0x00007ff8ca5b7000 	C:\Xilinx\Vivado\2022.1\lib\win64.o\librdi_schedmon.dll
0x00007ff8700f0000 - 0x00007ff87036b000 	C:\Xilinx\Vivado\2022.1\lib\win64.o\librdi_simdata.dll
0x00007ff867810000 - 0x00007ff86894b000 	C:\Xilinx\Vivado\2022.1\lib\win64.o\librdi_timing.dll
0x00007ff86ffd0000 - 0x00007ff8700e4000 	C:\Xilinx\Vivado\2022.1\lib\win64.o\librdi_xhub.dll
0x00007ff8c93a0000 - 0x00007ff8c9447000 	C:\Xilinx\Vivado\2022.1\lib\win64.o\librdi_xhubtasks.dll

dbghelp: loaded successfully - version: 4.0.5 - missing functions: none
symbol engine: initialized successfully - sym options: 0x614 - pdb path: .;C:\Xilinx\Vivado\2022.1\bin\unwrapped\win64.o;C:\WINDOWS\SYSTEM32;C:\Xilinx\Vivado\2022.1\lib\win64.o;C:\WINDOWS\WinSxS\amd64_microsoft.windows.common-controls_6595b64144ccf1df_5.82.22621.608_none_fb280a3c7926c2cc;C:\Xilinx\Vivado\2022.1\tps\win64\jre11.0.11_9\bin\server;C:\Xilinx\Vivado\2022.1\tps\win64\python-3.8.3;C:\Xilinx\Vivado\2022.1\tps\win64\jre11.0.11_9\bin;C:\WINDOWS\WinSxS\amd64_microsoft.windows.common-controls_6595b64144ccf1df_6.0.22621.608_none_a9444ca7c10bb01d

VM Arguments:
jvm_args: -Dsun.java2d.pmoffscreen=false -Dhttps.protocols=TLSv1,TLSv1.1,TLSv1.2 -Dsun.java2d.xrender=false -Dsun.java2d.d3d=false -Dsun.awt.nopixfmt=true -Dsun.java2d.dpiaware=true -Dsun.java2d.uiScale.enabled=false -Xverify:none -Dswing.aatext=true -XX:-UsePerfData -Djdk.map.althashing.threshold=512 -XX:StringTableSize=4072 --add-opens=java.desktop/com.sun.awt=ALL-UNNAMED --add-opens=java.desktop/javax.swing.plaf.synth=ALL-UNNAMED --add-opens=java.base/java.nio=ALL-UNNAMED --add-opens=java.desktop/sun.swing=ALL-UNNAMED --add-opens=java.desktop/javax.swing=ALL-UNNAMED --add-opens=java.desktop/javax.swing.tree=ALL-UNNAMED --add-opens=java.desktop/javax.swing.plaf.basic=ALL-UNNAMED --add-opens=java.desktop/javax.swing.plaf.synth=ALL-UNNAMED --add-opens=java.desktop/javax.swing.plaf.basic=ALL-UNNAMED --add-opens=java.desktop/javax.swing=ALL-UNNAMED --add-opens=java.desktop/javax.swing.tree=ALL-UNNAMED --add-opens=java.desktop/java.awt.event=ALL-UNNAMED --add-exports=java.desktop/javax.swing.plaf.synth=ALL-UNNAMED --add-exports=java.base/java.nio=ALL-UNNAMED --add-exports=java.desktop/sun.swing=ALL-UNNAMED --add-exports=java.desktop/javax.swing=ALL-UNNAMED --add-exports=java.desktop/javax.swing.tree=ALL-UNNAMED --add-exports=java.desktop/javax.swing.plaf.basic=ALL-UNNAMED --add-exports=java.desktop/sun.swing=ALL-UNNAMED --add-exports=java.desktop/sun.swing.table=ALL-UNNAMED --add-exports=java.desktop/sun.swing.plaf.synth=ALL-UNNAMED --add-exports=java.desktop/sun.awt.shell=ALL-UNNAMED --add-exports=java.base/sun.security.action=ALL-UNNAMED --add-exports=java.desktop/sun.font=ALL-UNNAMED -XX:NewSize=60m -XX:MaxNewSize=60m -Xms256m -Xmx3072m -Xss5m 
java_command: <unknown>
java_class_path (initial): C:/Xilinx/Vivado/2022.1\lib\classes\alloy.jar;C:/Xilinx/Vivado/2022.1\lib\classes\autoesl-models.jar;C:/Xilinx/Vivado/2022.1\lib\classes\batik-anim.jar;C:/Xilinx/Vivado/2022.1\lib\classes\batik-awt-util.jar;C:/Xilinx/Vivado/2022.1\lib\classes\batik-bridge.jar;C:/Xilinx/Vivado/2022.1\lib\classes\batik-codec.jar;C:/Xilinx/Vivado/2022.1\lib\classes\batik-css.jar;C:/Xilinx/Vivado/2022.1\lib\classes\batik-dom.jar;C:/Xilinx/Vivado/2022.1\lib\classes\batik-ext.jar;C:/Xilinx/Vivado/2022.1\lib\classes\batik-gui-util.jar;C:/Xilinx/Vivado/2022.1\lib\classes\batik-gvt.jar;C:/Xilinx/Vivado/2022.1\lib\classes\batik-parser.jar;C:/Xilinx/Vivado/2022.1\lib\classes\batik-script.jar;C:/Xilinx/Vivado/2022.1\lib\classes\batik-svg-dom.jar;C:/Xilinx/Vivado/2022.1\lib\classes\batik-svggen.jar;C:/Xilinx/Vivado/2022.1\lib\classes\batik-swing.jar;C:/Xilinx/Vivado/2022.1\lib\classes\batik-transcoder.jar;C:/Xilinx/Vivado/2022.1\lib\classes\batik-util.jar;C:/Xilinx/Vivado/2022.1\lib\classes\batik-xml.jar;C:/Xilinx/Vivado/2022.1\lib\classes\com.fasterxml.jackson.core.jackson-annotations_2.12.1.v20210128-1726.jar;C:/Xilinx/Vivado/2022.1\lib\classes\com.fasterxml.jackson.core.jackson-core_2.12.1.v20210128-1726.jar;C:/Xilinx/Vivado/2022.1\lib\classes\com.fasterxml.jackson.core.jackson-databind_2.12.1.v20210128-1726.jar;C:/Xilinx/Vivado/2022.1\lib\classes\com.google.gson_2.8.7.v20210624-1215.jar;C:/Xilinx/Vivado/2022.1\lib\classes\com.google.guava_30.1.0.v20210127-2300.jar;C:/Xilinx/Vivado/2022.1\lib\classes\com.sigasi.hdt.connection_4.15.0.202201101137.jar;C:/Xilinx/Vivado/2022.1\lib\classes\com.sigasi.hdt.epl_4.15.0.202201101137.jar;C:/Xilinx/Vivado/2022.1\lib\classes\com.sigasi.hdt.project_4.15.0.202201101137.jar;C:/Xilinx/Vivado/2022.1\lib\classes\com.sigasi.hdt.readonlyfilesystem_4.15.0.202201101137.jar;C:/Xilinx/Vivado/2022.1\lib\classes\com.sigasi.hdt.shared_4.15.0.202201101137.jar;C:/Xilinx/Vivado/2022.1\lib\classes\com.sigasi.lcm_4.15.0.202201101137.jar;C:/Xilinx
Launcher Type: generic

[Global flags]
     bool BytecodeVerificationLocal                = false                                     {product} {command line}
     bool BytecodeVerificationRemote               = false                                     {product} {command line}
     intx CICompilerCount                          = 3                                         {product} {ergonomic}
     uint ConcGCThreads                            = 2                                         {product} {ergonomic}
     uint G1ConcRefinementThreads                  = 6                                         {product} {ergonomic}
   size_t G1HeapRegionSize                         = 1048576                                   {product} {ergonomic}
    uintx GCDrainStackTargetSize                   = 64                                        {product} {ergonomic}
   size_t InitialHeapSize                          = 268435456                                 {product} {command line}
   size_t MarkStackSize                            = 4194304                                   {product} {ergonomic}
   size_t MaxHeapSize                              = 3221225472                                {product} {command line}
   size_t MaxNewSize                               = 62914560                                  {product} {command line}
   size_t MinHeapDeltaBytes                        = 1048576                                   {product} {ergonomic}
   size_t NewSize                                  = 62914560                                  {product} {command line}
    uintx NonNMethodCodeHeapSize                   = 5830732                                {pd product} {ergonomic}
    uintx NonProfiledCodeHeapSize                  = 122913754                              {pd product} {ergonomic}
    uintx ProfiledCodeHeapSize                     = 122913754                              {pd product} {ergonomic}
    uintx ReservedCodeCacheSize                    = 251658240                              {pd product} {ergonomic}
     bool SegmentedCodeCache                       = true                                      {product} {ergonomic}
    uintx StringTableSize                          = 4072                                      {product} {command line}
     intx ThreadStackSize                          = 5120                                   {pd product} {command line}
     bool UseCompressedClassPointers               = true                                 {lp64_product} {ergonomic}
     bool UseCompressedOops                        = true                                 {lp64_product} {ergonomic}
     bool UseG1GC                                  = true                                      {product} {ergonomic}
     bool UseLargePagesIndividualAllocation        = false                                  {pd product} {ergonomic}
     bool UsePerfData                              = false                                     {product} {command line}

Logging:
Log output configuration:
 #0: stdout all=warning uptime,level,tags
 #1: stderr all=off uptime,level,tags

Environment Variables:
PATH=C:/Xilinx/Vivado/2022.1/bin;C:/Xilinx/Vivado/2022.1/tps/win64/java-cef-78.3.9.242/bin/lib/win64;C:/Xilinx/Vivado/2022.1/tps/win64/javafx-sdk-11.0.2/lib;C:/Xilinx/Vivado/2022.1/tps/win64/javafx-sdk-11.0.2/bin;C:/Xilinx/Vivado/2022.1/lib/win64.o;C:/Xilinx/Vivado/2022.1/tps/win64/jre11.0.11_9/bin/server;C:/Xilinx/Vivado/2022.1/tps/win64/jre11.0.11_9/bin;C:/Xilinx/Vivado/2022.1/ids_lite/ISE/bin/nt64;C:/Xilinx/Vivado/2022.1/ids_lite/ISE/lib/nt64;C:/Xilinx/Vitis_HLS/2022.1/bin;C:\WINDOWS\system32;C:\WINDOWS;C:\WINDOWS\System32\Wbem;C:\WINDOWS\System32\WindowsPowerShell\v1.0\;C:\WINDOWS\System32\OpenSSH\;C:\Users\nokia\AppData\Local\Microsoft\WindowsApps;;C:/Xilinx/Vivado/2022.1\tps\mingw\6.2.0\win64.o\nt\bin;C:/Xilinx/Vivado/2022.1\tps\mingw\6.2.0\win64.o\nt\libexec\gcc\x86_64-w64-mingw32\6.2.0;C:/Xilinx/Vivado/2022.1\tps\win64\python-3.8.3;C:/Xilinx/Vivado/2022.1\tps\win64\python-3.8.3\bin;C:/Xilinx/Vivado/2022.1\tps\win64\python-3.8.3\lib;C:/Xilinx/Vivado/2022.1\tps\win64\python-3.8.3\lib\site-packages
USERNAME=nokia
OS=Windows_NT
PROCESSOR_IDENTIFIER=AMD64 Family 23 Model 96 Stepping 1, AuthenticAMD



---------------  S Y S T E M  ---------------

OS: Windows 10 , 64 bit Build 22621 (10.0.22621.1194)
OS uptime: 0 days 15:32 hours

CPU:total 6 (initial active 6) (6 cores per cpu, 1 threads per core) family 23 model 96 stepping 1 microcode 0x0, cmov, cx8, fxsr, mmx, sse, sse2, sse3, ssse3, sse4.1, sse4.2, popcnt, avx, avx2, aes, clmul, mmxext, 3dnowpref, lzcnt, sse4a, tsc, tscinvbit, tscinv, bmi1, bmi2, adx, sha, 

Memory: 4k page, system-wide physical 7564M (2462M free)
TotalPageFile size 11532M (AvailPageFile size 2638M)
current process WorkingSet (physical memory assigned to process): 592M, peak: 1906M
current process commit charge ("private bytes"): 2082M, peak: 2095M

vm_info: OpenJDK 64-Bit Server VM (11.0.11+9) for windows-amd64 JRE (11.0.11+9), built on Apr  9 2021 19:32:08 by "" with MS VC++ 15.5 (VS2017)

END.
